The target system is: Android - 9 - armv7-a
The host system is: Darwin - 16.7.0 - x86_64
Compiling the C compiler identification source file "CMakeCCompilerId.c" succeeded.
Compiler: /usr/local/share/android-ndk/toolchains/arm-linux-androideabi-4.9/prebuilt/darwin-x86_64/bin/arm-linux-androideabi-gcc 
Build flags: -I;/usr/local/lib/python2.7/site-packages/numpy/core/include;-I;/usr/local/lib/python2.7/site-packages/numpy/core/include;
Id flags: -c 

The output was:
0


Compilation of the C compiler identification source "CMakeCCompilerId.c" produced "CMakeCCompilerId.o"

The C compiler identification is GNU, found in "/Users/lucmichalski/local/golang/src/github.com/hellowod/u3d-plugins-development/NativePlugins/_builds/android-ndk-r15c-api-9-armeabi-v7a-neon-c11-Releaase/CMakeFiles/3.9.0/CompilerIdC/CMakeCCompilerId.o"

Compiling the CXX compiler identification source file "CMakeCXXCompilerId.cpp" succeeded.
Compiler: /usr/local/share/android-ndk/toolchains/arm-linux-androideabi-4.9/prebuilt/darwin-x86_64/bin/arm-linux-androideabi-g++ 
Build flags: 
Id flags: -c 

The output was:
0


Compilation of the CXX compiler identification source "CMakeCXXCompilerId.cpp" produced "CMakeCXXCompilerId.o"

The CXX compiler identification is GNU, found in "/Users/lucmichalski/local/golang/src/github.com/hellowod/u3d-plugins-development/NativePlugins/_builds/android-ndk-r15c-api-9-armeabi-v7a-neon-c11-Releaase/CMakeFiles/3.9.0/CompilerIdCXX/CMakeCXXCompilerId.o"

Determining if the C compiler works passed with the following output:
Change Dir: /Users/lucmichalski/local/golang/src/github.com/hellowod/u3d-plugins-development/NativePlugins/_builds/android-ndk-r15c-api-9-armeabi-v7a-neon-c11-Releaase/CMakeFiles/CMakeTmp

Run Build Command:"/usr/bin/make" "cmTC_d1696/fast"
/Applications/Xcode-beta.app/Contents/Developer/usr/bin/make -f CMakeFiles/cmTC_d1696.dir/build.make CMakeFiles/cmTC_d1696.dir/build
Building C object CMakeFiles/cmTC_d1696.dir/testCCompiler.c.o
/usr/local/share/android-ndk/toolchains/arm-linux-androideabi-4.9/prebuilt/darwin-x86_64/bin/arm-linux-androideabi-gcc --sysroot=/usr/local/share/android-ndk/sysroot -DANDROID -isystem /usr/local/share/android-ndk/sysroot/usr/include -isystem /usr/local/share/android-ndk/sysroot/usr/include/arm-linux-androideabi  -I /usr/local/lib/python2.7/site-packages/numpy/core/include -I /usr/local/lib/python2.7/site-packages/numpy/core/include  -std=c11   -march=armv7-a -marm -mfpu=neon -mfloat-abi=softfp -funwind-tables -no-canonical-prefixes -D__ANDROID_API__=9 -fexceptions  -g   -o CMakeFiles/cmTC_d1696.dir/testCCompiler.c.o   -c /Users/lucmichalski/local/golang/src/github.com/hellowod/u3d-plugins-development/NativePlugins/_builds/android-ndk-r15c-api-9-armeabi-v7a-neon-c11-Releaase/CMakeFiles/CMakeTmp/testCCompiler.c
Linking C executable cmTC_d1696
/usr/local/Cellar/cmake/3.9.0/bin/cmake -E cmake_link_script CMakeFiles/cmTC_d1696.dir/link.txt --verbose=1
/usr/local/share/android-ndk/toolchains/arm-linux-androideabi-4.9/prebuilt/darwin-x86_64/bin/arm-linux-androideabi-gcc --sysroot=/usr/local/share/android-ndk/platforms/android-9/arch-arm -I /usr/local/lib/python2.7/site-packages/numpy/core/include -I /usr/local/lib/python2.7/site-packages/numpy/core/include  -std=c11   -march=armv7-a -marm -mfpu=neon -mfloat-abi=softfp -funwind-tables -no-canonical-prefixes -D__ANDROID_API__=9 -fexceptions  -g  -Wl,--fix-cortex-a8  -Wl,--gc-sections -Wl,-z,nocopyreloc  CMakeFiles/cmTC_d1696.dir/testCCompiler.c.o  -o cmTC_d1696 


Detecting C compiler ABI info compiled with the following output:
Change Dir: /Users/lucmichalski/local/golang/src/github.com/hellowod/u3d-plugins-development/NativePlugins/_builds/android-ndk-r15c-api-9-armeabi-v7a-neon-c11-Releaase/CMakeFiles/CMakeTmp

Run Build Command:"/usr/bin/make" "cmTC_49232/fast"
/Applications/Xcode-beta.app/Contents/Developer/usr/bin/make -f CMakeFiles/cmTC_49232.dir/build.make CMakeFiles/cmTC_49232.dir/build
Building C object CMakeFiles/cmTC_49232.dir/CMakeCCompilerABI.c.o
/usr/local/share/android-ndk/toolchains/arm-linux-androideabi-4.9/prebuilt/darwin-x86_64/bin/arm-linux-androideabi-gcc --sysroot=/usr/local/share/android-ndk/sysroot -DANDROID -isystem /usr/local/share/android-ndk/sysroot/usr/include -isystem /usr/local/share/android-ndk/sysroot/usr/include/arm-linux-androideabi  -I /usr/local/lib/python2.7/site-packages/numpy/core/include -I /usr/local/lib/python2.7/site-packages/numpy/core/include  -std=c11   -march=armv7-a -marm -mfpu=neon -mfloat-abi=softfp -funwind-tables -no-canonical-prefixes -D__ANDROID_API__=9 -fexceptions  -g   -o CMakeFiles/cmTC_49232.dir/CMakeCCompilerABI.c.o   -c /usr/local/Cellar/cmake/3.9.0/share/cmake/Modules/CMakeCCompilerABI.c
Linking C executable cmTC_49232
/usr/local/Cellar/cmake/3.9.0/bin/cmake -E cmake_link_script CMakeFiles/cmTC_49232.dir/link.txt --verbose=1
/usr/local/share/android-ndk/toolchains/arm-linux-androideabi-4.9/prebuilt/darwin-x86_64/bin/arm-linux-androideabi-gcc --sysroot=/usr/local/share/android-ndk/platforms/android-9/arch-arm -I /usr/local/lib/python2.7/site-packages/numpy/core/include -I /usr/local/lib/python2.7/site-packages/numpy/core/include  -std=c11   -march=armv7-a -marm -mfpu=neon -mfloat-abi=softfp -funwind-tables -no-canonical-prefixes -D__ANDROID_API__=9 -fexceptions  -g  -Wl,--fix-cortex-a8  -Wl,--gc-sections -Wl,-z,nocopyreloc -v CMakeFiles/cmTC_49232.dir/CMakeCCompilerABI.c.o  -o cmTC_49232 
Using built-in specs.
COLLECT_GCC=/usr/local/share/android-ndk/toolchains/arm-linux-androideabi-4.9/prebuilt/darwin-x86_64/bin/arm-linux-androideabi-gcc
COLLECT_LTO_WRAPPER=/usr/local/share/android-ndk/toolchains/arm-linux-androideabi-4.9/prebuilt/darwin-x86_64/bin/../libexec/gcc/arm-linux-androideabi/4.9.x/lto-wrapper
Target: arm-linux-androideabi
Configured with: /Volumes/Android/buildbot/src/android/gcc/toolchain/build/../gcc/gcc-4.9/configure --prefix=/tmp/0899942388fbb00fc6ca4802fb5910ae --target=arm-linux-androideabi --host=x86_64-apple-darwin --build=x86_64-apple-darwin --with-gnu-as --with-gnu-ld --enable-languages=c,c++ --with-gmp=/buildbot/tmp/build/toolchain/temp-install --with-mpfr=/buildbot/tmp/build/toolchain/temp-install --with-mpc=/buildbot/tmp/build/toolchain/temp-install --with-cloog=/buildbot/tmp/build/toolchain/temp-install --with-isl=/buildbot/tmp/build/toolchain/temp-install --with-ppl=/buildbot/tmp/build/toolchain/temp-install --disable-ppl-version-check --disable-cloog-version-check --disable-isl-version-check --enable-cloog-backend=isl --with-host-libstdcxx='-static-libgcc -lstdc++ -lm' --disable-libssp --enable-threads --disable-nls --disable-libmudflap --disable-libgomp --disable-libstdc__-v3 --disable-sjlj-exceptions --disable-shared --disable-tls --disable-libitm --with-float=soft --with-fpu=vfp --with-arch=armv5te --enable-target-optspace --enable-bionic-libs --enable-libatomic-ifuncs=no --enable-initfini-array --disable-nls --prefix=/tmp/0899942388fbb00fc6ca4802fb5910ae --with-sysroot=/tmp/0899942388fbb00fc6ca4802fb5910ae/sysroot --with-binutils-version=2.25 --with-mpfr-version=3.1.1 --with-mpc-version=1.0.1 --with-gmp-version=5.0.5 --with-gcc-version=4.9 --with-gdb-version=none --with-gxx-include-dir=/tmp/0899942388fbb00fc6ca4802fb5910ae/include/c++/4.9.x --with-bugurl=http://source.android.com/source/report-bugs.html --enable-languages=c,c++ --disable-bootstrap --enable-plugins --enable-libgomp --enable-gnu-indirect-function --disable-libsanitizer --enable-gold --enable-threads --enable-eh-frame-hdr-for-static --enable-graphite=yes --with-isl-version=0.11.1 --with-cloog-version=0.18.0 --with-arch=armv5te --program-transform-name='s&^&arm-linux-androideabi-&' --enable-gold=default
Thread model: posix
gcc version 4.9.x 20150123 (prerelease) (GCC) 
COMPILER_PATH=/usr/local/share/android-ndk/toolchains/arm-linux-androideabi-4.9/prebuilt/darwin-x86_64/bin/../libexec/gcc/arm-linux-androideabi/4.9.x/:/usr/local/share/android-ndk/toolchains/arm-linux-androideabi-4.9/prebuilt/darwin-x86_64/bin/../libexec/gcc/:/usr/local/share/android-ndk/toolchains/arm-linux-androideabi-4.9/prebuilt/darwin-x86_64/bin/../lib/gcc/arm-linux-androideabi/4.9.x/../../../../arm-linux-androideabi/bin/
LIBRARY_PATH=/usr/local/share/android-ndk/toolchains/arm-linux-androideabi-4.9/prebuilt/darwin-x86_64/bin/../lib/gcc/arm-linux-androideabi/4.9.x/armv7-a/:/usr/local/share/android-ndk/toolchains/arm-linux-androideabi-4.9/prebuilt/darwin-x86_64/bin/../lib/gcc/arm-linux-androideabi/4.9.x/../../../../arm-linux-androideabi/lib/armv7-a/:/usr/local/share/android-ndk/toolchains/arm-linux-androideabi-4.9/prebuilt/darwin-x86_64/bin/../lib/gcc/arm-linux-androideabi/4.9.x/:/usr/local/share/android-ndk/toolchains/arm-linux-androideabi-4.9/prebuilt/darwin-x86_64/bin/../lib/gcc/:/usr/local/share/android-ndk/toolchains/arm-linux-androideabi-4.9/prebuilt/darwin-x86_64/bin/../lib/gcc/arm-linux-androideabi/4.9.x/../../../../arm-linux-androideabi/lib/:/usr/local/share/android-ndk/platforms/android-9/arch-arm/usr/lib/
COLLECT_GCC_OPTIONS='-I' '/usr/local/lib/python2.7/site-packages/numpy/core/include' '-I' '/usr/local/lib/python2.7/site-packages/numpy/core/include' '-std=c11' '-march=armv7-a' '-marm' '-mfpu=neon' '-mfloat-abi=softfp' '-funwind-tables' '-D' '__ANDROID_API__=9' '-fexceptions' '-g' '-v' '-o' 'cmTC_49232' '-mtls-dialect=gnu'
 /usr/local/share/android-ndk/toolchains/arm-linux-androideabi-4.9/prebuilt/darwin-x86_64/bin/../libexec/gcc/arm-linux-androideabi/4.9.x/collect2 -plugin /usr/local/share/android-ndk/toolchains/arm-linux-androideabi-4.9/prebuilt/darwin-x86_64/bin/../libexec/gcc/arm-linux-androideabi/4.9.x/liblto_plugin.so -plugin-opt=/usr/local/share/android-ndk/toolchains/arm-linux-androideabi-4.9/prebuilt/darwin-x86_64/bin/../libexec/gcc/arm-linux-androideabi/4.9.x/lto-wrapper -plugin-opt=-fresolution=/var/folders/mf/fkgdt0ds57qg98q_ky87_v5h0000gn/T//ccEHlYRC.res -plugin-opt=-pass-through=-lgcc -plugin-opt=-pass-through=-lc -plugin-opt=-pass-through=-ldl -plugin-opt=-pass-through=-lgcc --sysroot=/usr/local/share/android-ndk/platforms/android-9/arch-arm --eh-frame-hdr -dynamic-linker /system/bin/linker -X -m armelf_linux_eabi -z noexecstack -z relro -z now -o cmTC_49232 /usr/local/share/android-ndk/platforms/android-9/arch-arm/usr/lib/crtbegin_dynamic.o -L/usr/local/share/android-ndk/toolchains/arm-linux-androideabi-4.9/prebuilt/darwin-x86_64/bin/../lib/gcc/arm-linux-androideabi/4.9.x/armv7-a -L/usr/local/share/android-ndk/toolchains/arm-linux-androideabi-4.9/prebuilt/darwin-x86_64/bin/../lib/gcc/arm-linux-androideabi/4.9.x/../../../../arm-linux-androideabi/lib/armv7-a -L/usr/local/share/android-ndk/toolchains/arm-linux-androideabi-4.9/prebuilt/darwin-x86_64/bin/../lib/gcc/arm-linux-androideabi/4.9.x -L/usr/local/share/android-ndk/toolchains/arm-linux-androideabi-4.9/prebuilt/darwin-x86_64/bin/../lib/gcc -L/usr/local/share/android-ndk/toolchains/arm-linux-androideabi-4.9/prebuilt/darwin-x86_64/bin/../lib/gcc/arm-linux-androideabi/4.9.x/../../../../arm-linux-androideabi/lib -L/usr/local/share/android-ndk/platforms/android-9/arch-arm/usr/lib --fix-cortex-a8 --gc-sections -z nocopyreloc CMakeFiles/cmTC_49232.dir/CMakeCCompilerABI.c.o -lgcc -lc -ldl -lgcc /usr/local/share/android-ndk/platforms/android-9/arch-arm/usr/lib/crtend_android.o


Parsed C implicit link information from above output:
  link line regex: [^( *|.*[/\])(arm-linux-androideabi-ld|CMAKE_LINK_STARTFILE-NOTFOUND|([^/\]+-)?ld|collect2)[^/\]*( |$)]
  ignore line: [Change Dir: /Users/lucmichalski/local/golang/src/github.com/hellowod/u3d-plugins-development/NativePlugins/_builds/android-ndk-r15c-api-9-armeabi-v7a-neon-c11-Releaase/CMakeFiles/CMakeTmp]
  ignore line: []
  ignore line: [Run Build Command:"/usr/bin/make" "cmTC_49232/fast"]
  ignore line: [/Applications/Xcode-beta.app/Contents/Developer/usr/bin/make -f CMakeFiles/cmTC_49232.dir/build.make CMakeFiles/cmTC_49232.dir/build]
  ignore line: [Building C object CMakeFiles/cmTC_49232.dir/CMakeCCompilerABI.c.o]
  ignore line: [/usr/local/share/android-ndk/toolchains/arm-linux-androideabi-4.9/prebuilt/darwin-x86_64/bin/arm-linux-androideabi-gcc --sysroot=/usr/local/share/android-ndk/sysroot -DANDROID -isystem /usr/local/share/android-ndk/sysroot/usr/include -isystem /usr/local/share/android-ndk/sysroot/usr/include/arm-linux-androideabi  -I /usr/local/lib/python2.7/site-packages/numpy/core/include -I /usr/local/lib/python2.7/site-packages/numpy/core/include  -std=c11   -march=armv7-a -marm -mfpu=neon -mfloat-abi=softfp -funwind-tables -no-canonical-prefixes -D__ANDROID_API__=9 -fexceptions  -g   -o CMakeFiles/cmTC_49232.dir/CMakeCCompilerABI.c.o   -c /usr/local/Cellar/cmake/3.9.0/share/cmake/Modules/CMakeCCompilerABI.c]
  ignore line: [Linking C executable cmTC_49232]
  ignore line: [/usr/local/Cellar/cmake/3.9.0/bin/cmake -E cmake_link_script CMakeFiles/cmTC_49232.dir/link.txt --verbose=1]
  ignore line: [/usr/local/share/android-ndk/toolchains/arm-linux-androideabi-4.9/prebuilt/darwin-x86_64/bin/arm-linux-androideabi-gcc --sysroot=/usr/local/share/android-ndk/platforms/android-9/arch-arm -I /usr/local/lib/python2.7/site-packages/numpy/core/include -I /usr/local/lib/python2.7/site-packages/numpy/core/include  -std=c11   -march=armv7-a -marm -mfpu=neon -mfloat-abi=softfp -funwind-tables -no-canonical-prefixes -D__ANDROID_API__=9 -fexceptions  -g  -Wl,--fix-cortex-a8  -Wl,--gc-sections -Wl,-z,nocopyreloc -v CMakeFiles/cmTC_49232.dir/CMakeCCompilerABI.c.o  -o cmTC_49232 ]
  ignore line: [Using built-in specs.]
  ignore line: [COLLECT_GCC=/usr/local/share/android-ndk/toolchains/arm-linux-androideabi-4.9/prebuilt/darwin-x86_64/bin/arm-linux-androideabi-gcc]
  ignore line: [COLLECT_LTO_WRAPPER=/usr/local/share/android-ndk/toolchains/arm-linux-androideabi-4.9/prebuilt/darwin-x86_64/bin/../libexec/gcc/arm-linux-androideabi/4.9.x/lto-wrapper]
  ignore line: [Target: arm-linux-androideabi]
  ignore line: [Configured with: /Volumes/Android/buildbot/src/android/gcc/toolchain/build/../gcc/gcc-4.9/configure --prefix=/tmp/0899942388fbb00fc6ca4802fb5910ae --target=arm-linux-androideabi --host=x86_64-apple-darwin --build=x86_64-apple-darwin --with-gnu-as --with-gnu-ld --enable-languages=c,c++ --with-gmp=/buildbot/tmp/build/toolchain/temp-install --with-mpfr=/buildbot/tmp/build/toolchain/temp-install --with-mpc=/buildbot/tmp/build/toolchain/temp-install --with-cloog=/buildbot/tmp/build/toolchain/temp-install --with-isl=/buildbot/tmp/build/toolchain/temp-install --with-ppl=/buildbot/tmp/build/toolchain/temp-install --disable-ppl-version-check --disable-cloog-version-check --disable-isl-version-check --enable-cloog-backend=isl --with-host-libstdcxx='-static-libgcc -lstdc++ -lm' --disable-libssp --enable-threads --disable-nls --disable-libmudflap --disable-libgomp --disable-libstdc__-v3 --disable-sjlj-exceptions --disable-shared --disable-tls --disable-libitm --with-float=soft --with-fpu=vfp --with-arch=armv5te --enable-target-optspace --enable-bionic-libs --enable-libatomic-ifuncs=no --enable-initfini-array --disable-nls --prefix=/tmp/0899942388fbb00fc6ca4802fb5910ae --with-sysroot=/tmp/0899942388fbb00fc6ca4802fb5910ae/sysroot --with-binutils-version=2.25 --with-mpfr-version=3.1.1 --with-mpc-version=1.0.1 --with-gmp-version=5.0.5 --with-gcc-version=4.9 --with-gdb-version=none --with-gxx-include-dir=/tmp/0899942388fbb00fc6ca4802fb5910ae/include/c++/4.9.x --with-bugurl=http://source.android.com/source/report-bugs.html --enable-languages=c,c++ --disable-bootstrap --enable-plugins --enable-libgomp --enable-gnu-indirect-function --disable-libsanitizer --enable-gold --enable-threads --enable-eh-frame-hdr-for-static --enable-graphite=yes --with-isl-version=0.11.1 --with-cloog-version=0.18.0 --with-arch=armv5te --program-transform-name='s&^&arm-linux-androideabi-&' --enable-gold=default]
  ignore line: [Thread model: posix]
  ignore line: [gcc version 4.9.x 20150123 (prerelease) (GCC) ]
  ignore line: [COMPILER_PATH=/usr/local/share/android-ndk/toolchains/arm-linux-androideabi-4.9/prebuilt/darwin-x86_64/bin/../libexec/gcc/arm-linux-androideabi/4.9.x/:/usr/local/share/android-ndk/toolchains/arm-linux-androideabi-4.9/prebuilt/darwin-x86_64/bin/../libexec/gcc/:/usr/local/share/android-ndk/toolchains/arm-linux-androideabi-4.9/prebuilt/darwin-x86_64/bin/../lib/gcc/arm-linux-androideabi/4.9.x/../../../../arm-linux-androideabi/bin/]
  ignore line: [LIBRARY_PATH=/usr/local/share/android-ndk/toolchains/arm-linux-androideabi-4.9/prebuilt/darwin-x86_64/bin/../lib/gcc/arm-linux-androideabi/4.9.x/armv7-a/:/usr/local/share/android-ndk/toolchains/arm-linux-androideabi-4.9/prebuilt/darwin-x86_64/bin/../lib/gcc/arm-linux-androideabi/4.9.x/../../../../arm-linux-androideabi/lib/armv7-a/:/usr/local/share/android-ndk/toolchains/arm-linux-androideabi-4.9/prebuilt/darwin-x86_64/bin/../lib/gcc/arm-linux-androideabi/4.9.x/:/usr/local/share/android-ndk/toolchains/arm-linux-androideabi-4.9/prebuilt/darwin-x86_64/bin/../lib/gcc/:/usr/local/share/android-ndk/toolchains/arm-linux-androideabi-4.9/prebuilt/darwin-x86_64/bin/../lib/gcc/arm-linux-androideabi/4.9.x/../../../../arm-linux-androideabi/lib/:/usr/local/share/android-ndk/platforms/android-9/arch-arm/usr/lib/]
  ignore line: [COLLECT_GCC_OPTIONS='-I' '/usr/local/lib/python2.7/site-packages/numpy/core/include' '-I' '/usr/local/lib/python2.7/site-packages/numpy/core/include' '-std=c11' '-march=armv7-a' '-marm' '-mfpu=neon' '-mfloat-abi=softfp' '-funwind-tables' '-D' '__ANDROID_API__=9' '-fexceptions' '-g' '-v' '-o' 'cmTC_49232' '-mtls-dialect=gnu']
  link line: [ /usr/local/share/android-ndk/toolchains/arm-linux-androideabi-4.9/prebuilt/darwin-x86_64/bin/../libexec/gcc/arm-linux-androideabi/4.9.x/collect2 -plugin /usr/local/share/android-ndk/toolchains/arm-linux-androideabi-4.9/prebuilt/darwin-x86_64/bin/../libexec/gcc/arm-linux-androideabi/4.9.x/liblto_plugin.so -plugin-opt=/usr/local/share/android-ndk/toolchains/arm-linux-androideabi-4.9/prebuilt/darwin-x86_64/bin/../libexec/gcc/arm-linux-androideabi/4.9.x/lto-wrapper -plugin-opt=-fresolution=/var/folders/mf/fkgdt0ds57qg98q_ky87_v5h0000gn/T//ccEHlYRC.res -plugin-opt=-pass-through=-lgcc -plugin-opt=-pass-through=-lc -plugin-opt=-pass-through=-ldl -plugin-opt=-pass-through=-lgcc --sysroot=/usr/local/share/android-ndk/platforms/android-9/arch-arm --eh-frame-hdr -dynamic-linker /system/bin/linker -X -m armelf_linux_eabi -z noexecstack -z relro -z now -o cmTC_49232 /usr/local/share/android-ndk/platforms/android-9/arch-arm/usr/lib/crtbegin_dynamic.o -L/usr/local/share/android-ndk/toolchains/arm-linux-androideabi-4.9/prebuilt/darwin-x86_64/bin/../lib/gcc/arm-linux-androideabi/4.9.x/armv7-a -L/usr/local/share/android-ndk/toolchains/arm-linux-androideabi-4.9/prebuilt/darwin-x86_64/bin/../lib/gcc/arm-linux-androideabi/4.9.x/../../../../arm-linux-androideabi/lib/armv7-a -L/usr/local/share/android-ndk/toolchains/arm-linux-androideabi-4.9/prebuilt/darwin-x86_64/bin/../lib/gcc/arm-linux-androideabi/4.9.x -L/usr/local/share/android-ndk/toolchains/arm-linux-androideabi-4.9/prebuilt/darwin-x86_64/bin/../lib/gcc -L/usr/local/share/android-ndk/toolchains/arm-linux-androideabi-4.9/prebuilt/darwin-x86_64/bin/../lib/gcc/arm-linux-androideabi/4.9.x/../../../../arm-linux-androideabi/lib -L/usr/local/share/android-ndk/platforms/android-9/arch-arm/usr/lib --fix-cortex-a8 --gc-sections -z nocopyreloc CMakeFiles/cmTC_49232.dir/CMakeCCompilerABI.c.o -lgcc -lc -ldl -lgcc /usr/local/share/android-ndk/platforms/android-9/arch-arm/usr/lib/crtend_android.o]
    arg [/usr/local/share/android-ndk/toolchains/arm-linux-androideabi-4.9/prebuilt/darwin-x86_64/bin/../libexec/gcc/arm-linux-androideabi/4.9.x/collect2] ==> ignore
    arg [-plugin] ==> ignore
    arg [/usr/local/share/android-ndk/toolchains/arm-linux-androideabi-4.9/prebuilt/darwin-x86_64/bin/../libexec/gcc/arm-linux-androideabi/4.9.x/liblto_plugin.so] ==> ignore
    arg [-plugin-opt=/usr/local/share/android-ndk/toolchains/arm-linux-androideabi-4.9/prebuilt/darwin-x86_64/bin/../libexec/gcc/arm-linux-androideabi/4.9.x/lto-wrapper] ==> ignore
    arg [-plugin-opt=-fresolution=/var/folders/mf/fkgdt0ds57qg98q_ky87_v5h0000gn/T//ccEHlYRC.res] ==> ignore
    arg [-plugin-opt=-pass-through=-lgcc] ==> ignore
    arg [-plugin-opt=-pass-through=-lc] ==> ignore
    arg [-plugin-opt=-pass-through=-ldl] ==> ignore
    arg [-plugin-opt=-pass-through=-lgcc] ==> ignore
    arg [--sysroot=/usr/local/share/android-ndk/platforms/android-9/arch-arm] ==> ignore
    arg [--eh-frame-hdr] ==> ignore
    arg [-dynamic-linker] ==> ignore
    arg [/system/bin/linker] ==> ignore
    arg [-X] ==> ignore
    arg [-m] ==> ignore
    arg [armelf_linux_eabi] ==> ignore
    arg [-znoexecstack] ==> ignore
    arg [-zrelro] ==> ignore
    arg [-znow] ==> ignore
    arg [-o] ==> ignore
    arg [cmTC_49232] ==> ignore
    arg [/usr/local/share/android-ndk/platforms/android-9/arch-arm/usr/lib/crtbegin_dynamic.o] ==> ignore
    arg [-L/usr/local/share/android-ndk/toolchains/arm-linux-androideabi-4.9/prebuilt/darwin-x86_64/bin/../lib/gcc/arm-linux-androideabi/4.9.x/armv7-a] ==> dir [/usr/local/share/android-ndk/toolchains/arm-linux-androideabi-4.9/prebuilt/darwin-x86_64/bin/../lib/gcc/arm-linux-androideabi/4.9.x/armv7-a]
    arg [-L/usr/local/share/android-ndk/toolchains/arm-linux-androideabi-4.9/prebuilt/darwin-x86_64/bin/../lib/gcc/arm-linux-androideabi/4.9.x/../../../../arm-linux-androideabi/lib/armv7-a] ==> dir [/usr/local/share/android-ndk/toolchains/arm-linux-androideabi-4.9/prebuilt/darwin-x86_64/bin/../lib/gcc/arm-linux-androideabi/4.9.x/../../../../arm-linux-androideabi/lib/armv7-a]
    arg [-L/usr/local/share/android-ndk/toolchains/arm-linux-androideabi-4.9/prebuilt/darwin-x86_64/bin/../lib/gcc/arm-linux-androideabi/4.9.x] ==> dir [/usr/local/share/android-ndk/toolchains/arm-linux-androideabi-4.9/prebuilt/darwin-x86_64/bin/../lib/gcc/arm-linux-androideabi/4.9.x]
    arg [-L/usr/local/share/android-ndk/toolchains/arm-linux-androideabi-4.9/prebuilt/darwin-x86_64/bin/../lib/gcc] ==> dir [/usr/local/share/android-ndk/toolchains/arm-linux-androideabi-4.9/prebuilt/darwin-x86_64/bin/../lib/gcc]
    arg [-L/usr/local/share/android-ndk/toolchains/arm-linux-androideabi-4.9/prebuilt/darwin-x86_64/bin/../lib/gcc/arm-linux-androideabi/4.9.x/../../../../arm-linux-androideabi/lib] ==> dir [/usr/local/share/android-ndk/toolchains/arm-linux-androideabi-4.9/prebuilt/darwin-x86_64/bin/../lib/gcc/arm-linux-androideabi/4.9.x/../../../../arm-linux-androideabi/lib]
    arg [-L/usr/local/share/android-ndk/platforms/android-9/arch-arm/usr/lib] ==> dir [/usr/local/share/android-ndk/platforms/android-9/arch-arm/usr/lib]
    arg [--fix-cortex-a8] ==> ignore
    arg [--gc-sections] ==> ignore
    arg [-znocopyreloc] ==> ignore
    arg [CMakeFiles/cmTC_49232.dir/CMakeCCompilerABI.c.o] ==> ignore
    arg [-lgcc] ==> lib [gcc]
    arg [-lc] ==> lib [c]
    arg [-ldl] ==> lib [dl]
    arg [-lgcc] ==> lib [gcc]
    arg [/usr/local/share/android-ndk/platforms/android-9/arch-arm/usr/lib/crtend_android.o] ==> ignore
  collapse library dir [/usr/local/share/android-ndk/toolchains/arm-linux-androideabi-4.9/prebuilt/darwin-x86_64/bin/../lib/gcc/arm-linux-androideabi/4.9.x/armv7-a] ==> [/usr/local/share/android-ndk/toolchains/arm-linux-androideabi-4.9/prebuilt/darwin-x86_64/lib/gcc/arm-linux-androideabi/4.9.x/armv7-a]
  collapse library dir [/usr/local/share/android-ndk/toolchains/arm-linux-androideabi-4.9/prebuilt/darwin-x86_64/bin/../lib/gcc/arm-linux-androideabi/4.9.x/../../../../arm-linux-androideabi/lib/armv7-a] ==> [/usr/local/share/android-ndk/toolchains/arm-linux-androideabi-4.9/prebuilt/darwin-x86_64/arm-linux-androideabi/lib/armv7-a]
  collapse library dir [/usr/local/share/android-ndk/toolchains/arm-linux-androideabi-4.9/prebuilt/darwin-x86_64/bin/../lib/gcc/arm-linux-androideabi/4.9.x] ==> [/usr/local/share/android-ndk/toolchains/arm-linux-androideabi-4.9/prebuilt/darwin-x86_64/lib/gcc/arm-linux-androideabi/4.9.x]
  collapse library dir [/usr/local/share/android-ndk/toolchains/arm-linux-androideabi-4.9/prebuilt/darwin-x86_64/bin/../lib/gcc] ==> [/usr/local/share/android-ndk/toolchains/arm-linux-androideabi-4.9/prebuilt/darwin-x86_64/lib/gcc]
  collapse library dir [/usr/local/share/android-ndk/toolchains/arm-linux-androideabi-4.9/prebuilt/darwin-x86_64/bin/../lib/gcc/arm-linux-androideabi/4.9.x/../../../../arm-linux-androideabi/lib] ==> [/usr/local/share/android-ndk/toolchains/arm-linux-androideabi-4.9/prebuilt/darwin-x86_64/arm-linux-androideabi/lib]
  collapse library dir [/usr/local/share/android-ndk/platforms/android-9/arch-arm/usr/lib] ==> [/usr/local/share/android-ndk/platforms/android-9/arch-arm/usr/lib]
  implicit libs: [gcc;c;dl;gcc]
  implicit dirs: [/usr/local/share/android-ndk/toolchains/arm-linux-androideabi-4.9/prebuilt/darwin-x86_64/lib/gcc/arm-linux-androideabi/4.9.x/armv7-a;/usr/local/share/android-ndk/toolchains/arm-linux-androideabi-4.9/prebuilt/darwin-x86_64/arm-linux-androideabi/lib/armv7-a;/usr/local/share/android-ndk/toolchains/arm-linux-androideabi-4.9/prebuilt/darwin-x86_64/lib/gcc/arm-linux-androideabi/4.9.x;/usr/local/share/android-ndk/toolchains/arm-linux-androideabi-4.9/prebuilt/darwin-x86_64/lib/gcc;/usr/local/share/android-ndk/toolchains/arm-linux-androideabi-4.9/prebuilt/darwin-x86_64/arm-linux-androideabi/lib;/usr/local/share/android-ndk/platforms/android-9/arch-arm/usr/lib]
  implicit fwks: []




Detecting C [-std=c11] compiler features compiled with the following output:
Change Dir: /Users/lucmichalski/local/golang/src/github.com/hellowod/u3d-plugins-development/NativePlugins/_builds/android-ndk-r15c-api-9-armeabi-v7a-neon-c11-Releaase/CMakeFiles/CMakeTmp

Run Build Command:"/usr/bin/make" "cmTC_7cf22/fast"
/Applications/Xcode-beta.app/Contents/Developer/usr/bin/make -f CMakeFiles/cmTC_7cf22.dir/build.make CMakeFiles/cmTC_7cf22.dir/build
Building C object CMakeFiles/cmTC_7cf22.dir/feature_tests.c.o
/usr/local/share/android-ndk/toolchains/arm-linux-androideabi-4.9/prebuilt/darwin-x86_64/bin/arm-linux-androideabi-gcc --sysroot=/usr/local/share/android-ndk/sysroot -DANDROID -isystem /usr/local/share/android-ndk/sysroot/usr/include -isystem /usr/local/share/android-ndk/sysroot/usr/include/arm-linux-androideabi  -I /usr/local/lib/python2.7/site-packages/numpy/core/include -I /usr/local/lib/python2.7/site-packages/numpy/core/include  -std=c11   -march=armv7-a -marm -mfpu=neon -mfloat-abi=softfp -funwind-tables -no-canonical-prefixes -D__ANDROID_API__=9 -fexceptions  -g   -std=c11 -o CMakeFiles/cmTC_7cf22.dir/feature_tests.c.o   -c /Users/lucmichalski/local/golang/src/github.com/hellowod/u3d-plugins-development/NativePlugins/_builds/android-ndk-r15c-api-9-armeabi-v7a-neon-c11-Releaase/CMakeFiles/feature_tests.c
Linking C executable cmTC_7cf22
/usr/local/Cellar/cmake/3.9.0/bin/cmake -E cmake_link_script CMakeFiles/cmTC_7cf22.dir/link.txt --verbose=1
/usr/local/share/android-ndk/toolchains/arm-linux-androideabi-4.9/prebuilt/darwin-x86_64/bin/arm-linux-androideabi-gcc --sysroot=/usr/local/share/android-ndk/platforms/android-9/arch-arm -I /usr/local/lib/python2.7/site-packages/numpy/core/include -I /usr/local/lib/python2.7/site-packages/numpy/core/include  -std=c11   -march=armv7-a -marm -mfpu=neon -mfloat-abi=softfp -funwind-tables -no-canonical-prefixes -D__ANDROID_API__=9 -fexceptions  -g  -Wl,--fix-cortex-a8  -Wl,--gc-sections -Wl,-z,nocopyreloc  CMakeFiles/cmTC_7cf22.dir/feature_tests.c.o  -o cmTC_7cf22 


    Feature record: C_FEATURE:1c_function_prototypes
    Feature record: C_FEATURE:1c_restrict
    Feature record: C_FEATURE:1c_static_assert
    Feature record: C_FEATURE:1c_variadic_macros


Detecting C [-std=c99] compiler features compiled with the following output:
Change Dir: /Users/lucmichalski/local/golang/src/github.com/hellowod/u3d-plugins-development/NativePlugins/_builds/android-ndk-r15c-api-9-armeabi-v7a-neon-c11-Releaase/CMakeFiles/CMakeTmp

Run Build Command:"/usr/bin/make" "cmTC_1ac6e/fast"
/Applications/Xcode-beta.app/Contents/Developer/usr/bin/make -f CMakeFiles/cmTC_1ac6e.dir/build.make CMakeFiles/cmTC_1ac6e.dir/build
Building C object CMakeFiles/cmTC_1ac6e.dir/feature_tests.c.o
/usr/local/share/android-ndk/toolchains/arm-linux-androideabi-4.9/prebuilt/darwin-x86_64/bin/arm-linux-androideabi-gcc --sysroot=/usr/local/share/android-ndk/sysroot -DANDROID -isystem /usr/local/share/android-ndk/sysroot/usr/include -isystem /usr/local/share/android-ndk/sysroot/usr/include/arm-linux-androideabi  -I /usr/local/lib/python2.7/site-packages/numpy/core/include -I /usr/local/lib/python2.7/site-packages/numpy/core/include  -std=c11   -march=armv7-a -marm -mfpu=neon -mfloat-abi=softfp -funwind-tables -no-canonical-prefixes -D__ANDROID_API__=9 -fexceptions  -g   -std=c99 -o CMakeFiles/cmTC_1ac6e.dir/feature_tests.c.o   -c /Users/lucmichalski/local/golang/src/github.com/hellowod/u3d-plugins-development/NativePlugins/_builds/android-ndk-r15c-api-9-armeabi-v7a-neon-c11-Releaase/CMakeFiles/feature_tests.c
Linking C executable cmTC_1ac6e
/usr/local/Cellar/cmake/3.9.0/bin/cmake -E cmake_link_script CMakeFiles/cmTC_1ac6e.dir/link.txt --verbose=1
/usr/local/share/android-ndk/toolchains/arm-linux-androideabi-4.9/prebuilt/darwin-x86_64/bin/arm-linux-androideabi-gcc --sysroot=/usr/local/share/android-ndk/platforms/android-9/arch-arm -I /usr/local/lib/python2.7/site-packages/numpy/core/include -I /usr/local/lib/python2.7/site-packages/numpy/core/include  -std=c11   -march=armv7-a -marm -mfpu=neon -mfloat-abi=softfp -funwind-tables -no-canonical-prefixes -D__ANDROID_API__=9 -fexceptions  -g  -Wl,--fix-cortex-a8  -Wl,--gc-sections -Wl,-z,nocopyreloc  CMakeFiles/cmTC_1ac6e.dir/feature_tests.c.o  -o cmTC_1ac6e 


    Feature record: C_FEATURE:1c_function_prototypes
    Feature record: C_FEATURE:1c_restrict
    Feature record: C_FEATURE:0c_static_assert
    Feature record: C_FEATURE:1c_variadic_macros


Detecting C [-std=c90] compiler features compiled with the following output:
Change Dir: /Users/lucmichalski/local/golang/src/github.com/hellowod/u3d-plugins-development/NativePlugins/_builds/android-ndk-r15c-api-9-armeabi-v7a-neon-c11-Releaase/CMakeFiles/CMakeTmp

Run Build Command:"/usr/bin/make" "cmTC_b5d1f/fast"
/Applications/Xcode-beta.app/Contents/Developer/usr/bin/make -f CMakeFiles/cmTC_b5d1f.dir/build.make CMakeFiles/cmTC_b5d1f.dir/build
Building C object CMakeFiles/cmTC_b5d1f.dir/feature_tests.c.o
/usr/local/share/android-ndk/toolchains/arm-linux-androideabi-4.9/prebuilt/darwin-x86_64/bin/arm-linux-androideabi-gcc --sysroot=/usr/local/share/android-ndk/sysroot -DANDROID -isystem /usr/local/share/android-ndk/sysroot/usr/include -isystem /usr/local/share/android-ndk/sysroot/usr/include/arm-linux-androideabi  -I /usr/local/lib/python2.7/site-packages/numpy/core/include -I /usr/local/lib/python2.7/site-packages/numpy/core/include  -std=c11   -march=armv7-a -marm -mfpu=neon -mfloat-abi=softfp -funwind-tables -no-canonical-prefixes -D__ANDROID_API__=9 -fexceptions  -g   -std=c90 -o CMakeFiles/cmTC_b5d1f.dir/feature_tests.c.o   -c /Users/lucmichalski/local/golang/src/github.com/hellowod/u3d-plugins-development/NativePlugins/_builds/android-ndk-r15c-api-9-armeabi-v7a-neon-c11-Releaase/CMakeFiles/feature_tests.c
Linking C executable cmTC_b5d1f
/usr/local/Cellar/cmake/3.9.0/bin/cmake -E cmake_link_script CMakeFiles/cmTC_b5d1f.dir/link.txt --verbose=1
/usr/local/share/android-ndk/toolchains/arm-linux-androideabi-4.9/prebuilt/darwin-x86_64/bin/arm-linux-androideabi-gcc --sysroot=/usr/local/share/android-ndk/platforms/android-9/arch-arm -I /usr/local/lib/python2.7/site-packages/numpy/core/include -I /usr/local/lib/python2.7/site-packages/numpy/core/include  -std=c11   -march=armv7-a -marm -mfpu=neon -mfloat-abi=softfp -funwind-tables -no-canonical-prefixes -D__ANDROID_API__=9 -fexceptions  -g  -Wl,--fix-cortex-a8  -Wl,--gc-sections -Wl,-z,nocopyreloc  CMakeFiles/cmTC_b5d1f.dir/feature_tests.c.o  -o cmTC_b5d1f 


    Feature record: C_FEATURE:1c_function_prototypes
    Feature record: C_FEATURE:0c_restrict
    Feature record: C_FEATURE:0c_static_assert
    Feature record: C_FEATURE:0c_variadic_macros
Determining if the CXX compiler works passed with the following output:
Change Dir: /Users/lucmichalski/local/golang/src/github.com/hellowod/u3d-plugins-development/NativePlugins/_builds/android-ndk-r15c-api-9-armeabi-v7a-neon-c11-Releaase/CMakeFiles/CMakeTmp

Run Build Command:"/usr/bin/make" "cmTC_1ac04/fast"
/Applications/Xcode-beta.app/Contents/Developer/usr/bin/make -f CMakeFiles/cmTC_1ac04.dir/build.make CMakeFiles/cmTC_1ac04.dir/build
Building CXX object CMakeFiles/cmTC_1ac04.dir/testCXXCompiler.cxx.o
/usr/local/share/android-ndk/toolchains/arm-linux-androideabi-4.9/prebuilt/darwin-x86_64/bin/arm-linux-androideabi-g++ --sysroot=/usr/local/share/android-ndk/sysroot  -DANDROID -isystem /usr/local/share/android-ndk/sources/cxx-stl/gnu-libstdc++/4.9/include -isystem /usr/local/share/android-ndk/sources/cxx-stl/gnu-libstdc++/4.9/libs/armeabi-v7a/include -isystem /usr/local/share/android-ndk/sources/cxx-stl/gnu-libstdc++/4.9/include/backward -isystem /usr/local/share/android-ndk/sysroot/usr/include -isystem /usr/local/share/android-ndk/sysroot/usr/include/arm-linux-androideabi  -std=c++11   -march=armv7-a -marm -mfpu=neon -mfloat-abi=softfp -funwind-tables -no-canonical-prefixes -D__ANDROID_API__=9 -fexceptions -frtti  -g   -o CMakeFiles/cmTC_1ac04.dir/testCXXCompiler.cxx.o -c /Users/lucmichalski/local/golang/src/github.com/hellowod/u3d-plugins-development/NativePlugins/_builds/android-ndk-r15c-api-9-armeabi-v7a-neon-c11-Releaase/CMakeFiles/CMakeTmp/testCXXCompiler.cxx
Linking CXX executable cmTC_1ac04
/usr/local/Cellar/cmake/3.9.0/bin/cmake -E cmake_link_script CMakeFiles/cmTC_1ac04.dir/link.txt --verbose=1
/usr/local/share/android-ndk/toolchains/arm-linux-androideabi-4.9/prebuilt/darwin-x86_64/bin/arm-linux-androideabi-g++ --sysroot=/usr/local/share/android-ndk/platforms/android-9/arch-arm  -std=c++11   -march=armv7-a -marm -mfpu=neon -mfloat-abi=softfp -funwind-tables -no-canonical-prefixes -D__ANDROID_API__=9 -fexceptions -frtti  -g  -Wl,--fix-cortex-a8  -Wl,--gc-sections -Wl,-z,nocopyreloc  CMakeFiles/cmTC_1ac04.dir/testCXXCompiler.cxx.o  -o cmTC_1ac04  "/usr/local/share/android-ndk/sources/cxx-stl/gnu-libstdc++/4.9/libs/armeabi-v7a/libgnustl_static.a" 


Detecting CXX compiler ABI info compiled with the following output:
Change Dir: /Users/lucmichalski/local/golang/src/github.com/hellowod/u3d-plugins-development/NativePlugins/_builds/android-ndk-r15c-api-9-armeabi-v7a-neon-c11-Releaase/CMakeFiles/CMakeTmp

Run Build Command:"/usr/bin/make" "cmTC_07181/fast"
/Applications/Xcode-beta.app/Contents/Developer/usr/bin/make -f CMakeFiles/cmTC_07181.dir/build.make CMakeFiles/cmTC_07181.dir/build
Building CXX object CMakeFiles/cmTC_07181.dir/CMakeCXXCompilerABI.cpp.o
/usr/local/share/android-ndk/toolchains/arm-linux-androideabi-4.9/prebuilt/darwin-x86_64/bin/arm-linux-androideabi-g++ --sysroot=/usr/local/share/android-ndk/sysroot  -DANDROID -isystem /usr/local/share/android-ndk/sources/cxx-stl/gnu-libstdc++/4.9/include -isystem /usr/local/share/android-ndk/sources/cxx-stl/gnu-libstdc++/4.9/libs/armeabi-v7a/include -isystem /usr/local/share/android-ndk/sources/cxx-stl/gnu-libstdc++/4.9/include/backward -isystem /usr/local/share/android-ndk/sysroot/usr/include -isystem /usr/local/share/android-ndk/sysroot/usr/include/arm-linux-androideabi  -std=c++11   -march=armv7-a -marm -mfpu=neon -mfloat-abi=softfp -funwind-tables -no-canonical-prefixes -D__ANDROID_API__=9 -fexceptions -frtti  -g   -o CMakeFiles/cmTC_07181.dir/CMakeCXXCompilerABI.cpp.o -c /usr/local/Cellar/cmake/3.9.0/share/cmake/Modules/CMakeCXXCompilerABI.cpp
Linking CXX executable cmTC_07181
/usr/local/Cellar/cmake/3.9.0/bin/cmake -E cmake_link_script CMakeFiles/cmTC_07181.dir/link.txt --verbose=1
/usr/local/share/android-ndk/toolchains/arm-linux-androideabi-4.9/prebuilt/darwin-x86_64/bin/arm-linux-androideabi-g++ --sysroot=/usr/local/share/android-ndk/platforms/android-9/arch-arm  -std=c++11   -march=armv7-a -marm -mfpu=neon -mfloat-abi=softfp -funwind-tables -no-canonical-prefixes -D__ANDROID_API__=9 -fexceptions -frtti  -g  -Wl,--fix-cortex-a8  -Wl,--gc-sections -Wl,-z,nocopyreloc -v CMakeFiles/cmTC_07181.dir/CMakeCXXCompilerABI.cpp.o  -o cmTC_07181  "/usr/local/share/android-ndk/sources/cxx-stl/gnu-libstdc++/4.9/libs/armeabi-v7a/libgnustl_static.a" 
Using built-in specs.
COLLECT_GCC=/usr/local/share/android-ndk/toolchains/arm-linux-androideabi-4.9/prebuilt/darwin-x86_64/bin/arm-linux-androideabi-g++
COLLECT_LTO_WRAPPER=/usr/local/share/android-ndk/toolchains/arm-linux-androideabi-4.9/prebuilt/darwin-x86_64/bin/../libexec/gcc/arm-linux-androideabi/4.9.x/lto-wrapper
Target: arm-linux-androideabi
Configured with: /Volumes/Android/buildbot/src/android/gcc/toolchain/build/../gcc/gcc-4.9/configure --prefix=/tmp/0899942388fbb00fc6ca4802fb5910ae --target=arm-linux-androideabi --host=x86_64-apple-darwin --build=x86_64-apple-darwin --with-gnu-as --with-gnu-ld --enable-languages=c,c++ --with-gmp=/buildbot/tmp/build/toolchain/temp-install --with-mpfr=/buildbot/tmp/build/toolchain/temp-install --with-mpc=/buildbot/tmp/build/toolchain/temp-install --with-cloog=/buildbot/tmp/build/toolchain/temp-install --with-isl=/buildbot/tmp/build/toolchain/temp-install --with-ppl=/buildbot/tmp/build/toolchain/temp-install --disable-ppl-version-check --disable-cloog-version-check --disable-isl-version-check --enable-cloog-backend=isl --with-host-libstdcxx='-static-libgcc -lstdc++ -lm' --disable-libssp --enable-threads --disable-nls --disable-libmudflap --disable-libgomp --disable-libstdc__-v3 --disable-sjlj-exceptions --disable-shared --disable-tls --disable-libitm --with-float=soft --with-fpu=vfp --with-arch=armv5te --enable-target-optspace --enable-bionic-libs --enable-libatomic-ifuncs=no --enable-initfini-array --disable-nls --prefix=/tmp/0899942388fbb00fc6ca4802fb5910ae --with-sysroot=/tmp/0899942388fbb00fc6ca4802fb5910ae/sysroot --with-binutils-version=2.25 --with-mpfr-version=3.1.1 --with-mpc-version=1.0.1 --with-gmp-version=5.0.5 --with-gcc-version=4.9 --with-gdb-version=none --with-gxx-include-dir=/tmp/0899942388fbb00fc6ca4802fb5910ae/include/c++/4.9.x --with-bugurl=http://source.android.com/source/report-bugs.html --enable-languages=c,c++ --disable-bootstrap --enable-plugins --enable-libgomp --enable-gnu-indirect-function --disable-libsanitizer --enable-gold --enable-threads --enable-eh-frame-hdr-for-static --enable-graphite=yes --with-isl-version=0.11.1 --with-cloog-version=0.18.0 --with-arch=armv5te --program-transform-name='s&^&arm-linux-androideabi-&' --enable-gold=default
Thread model: posix
gcc version 4.9.x 20150123 (prerelease) (GCC) 
COMPILER_PATH=/usr/local/share/android-ndk/toolchains/arm-linux-androideabi-4.9/prebuilt/darwin-x86_64/bin/../libexec/gcc/arm-linux-androideabi/4.9.x/:/usr/local/share/android-ndk/toolchains/arm-linux-androideabi-4.9/prebuilt/darwin-x86_64/bin/../libexec/gcc/:/usr/local/share/android-ndk/toolchains/arm-linux-androideabi-4.9/prebuilt/darwin-x86_64/bin/../lib/gcc/arm-linux-androideabi/4.9.x/../../../../arm-linux-androideabi/bin/
LIBRARY_PATH=/usr/local/share/android-ndk/toolchains/arm-linux-androideabi-4.9/prebuilt/darwin-x86_64/bin/../lib/gcc/arm-linux-androideabi/4.9.x/armv7-a/:/usr/local/share/android-ndk/toolchains/arm-linux-androideabi-4.9/prebuilt/darwin-x86_64/bin/../lib/gcc/arm-linux-androideabi/4.9.x/../../../../arm-linux-androideabi/lib/armv7-a/:/usr/local/share/android-ndk/toolchains/arm-linux-androideabi-4.9/prebuilt/darwin-x86_64/bin/../lib/gcc/arm-linux-androideabi/4.9.x/:/usr/local/share/android-ndk/toolchains/arm-linux-androideabi-4.9/prebuilt/darwin-x86_64/bin/../lib/gcc/:/usr/local/share/android-ndk/toolchains/arm-linux-androideabi-4.9/prebuilt/darwin-x86_64/bin/../lib/gcc/arm-linux-androideabi/4.9.x/../../../../arm-linux-androideabi/lib/:/usr/local/share/android-ndk/platforms/android-9/arch-arm/usr/lib/
COLLECT_GCC_OPTIONS='-std=c++11' '-march=armv7-a' '-marm' '-mfpu=neon' '-mfloat-abi=softfp' '-funwind-tables' '-D' '__ANDROID_API__=9' '-fexceptions' '-frtti' '-g' '-v' '-o' 'cmTC_07181' '-mtls-dialect=gnu'
 /usr/local/share/android-ndk/toolchains/arm-linux-androideabi-4.9/prebuilt/darwin-x86_64/bin/../libexec/gcc/arm-linux-androideabi/4.9.x/collect2 -plugin /usr/local/share/android-ndk/toolchains/arm-linux-androideabi-4.9/prebuilt/darwin-x86_64/bin/../libexec/gcc/arm-linux-androideabi/4.9.x/liblto_plugin.so -plugin-opt=/usr/local/share/android-ndk/toolchains/arm-linux-androideabi-4.9/prebuilt/darwin-x86_64/bin/../libexec/gcc/arm-linux-androideabi/4.9.x/lto-wrapper -plugin-opt=-fresolution=/var/folders/mf/fkgdt0ds57qg98q_ky87_v5h0000gn/T//cc3uCp6h.res -plugin-opt=-pass-through=-lgcc -plugin-opt=-pass-through=-lc -plugin-opt=-pass-through=-ldl -plugin-opt=-pass-through=-lgcc --sysroot=/usr/local/share/android-ndk/platforms/android-9/arch-arm --eh-frame-hdr -dynamic-linker /system/bin/linker -X -m armelf_linux_eabi -z noexecstack -z relro -z now -o cmTC_07181 /usr/local/share/android-ndk/platforms/android-9/arch-arm/usr/lib/crtbegin_dynamic.o -L/usr/local/share/android-ndk/toolchains/arm-linux-androideabi-4.9/prebuilt/darwin-x86_64/bin/../lib/gcc/arm-linux-androideabi/4.9.x/armv7-a -L/usr/local/share/android-ndk/toolchains/arm-linux-androideabi-4.9/prebuilt/darwin-x86_64/bin/../lib/gcc/arm-linux-androideabi/4.9.x/../../../../arm-linux-androideabi/lib/armv7-a -L/usr/local/share/android-ndk/toolchains/arm-linux-androideabi-4.9/prebuilt/darwin-x86_64/bin/../lib/gcc/arm-linux-androideabi/4.9.x -L/usr/local/share/android-ndk/toolchains/arm-linux-androideabi-4.9/prebuilt/darwin-x86_64/bin/../lib/gcc -L/usr/local/share/android-ndk/toolchains/arm-linux-androideabi-4.9/prebuilt/darwin-x86_64/bin/../lib/gcc/arm-linux-androideabi/4.9.x/../../../../arm-linux-androideabi/lib -L/usr/local/share/android-ndk/platforms/android-9/arch-arm/usr/lib --fix-cortex-a8 --gc-sections -z nocopyreloc CMakeFiles/cmTC_07181.dir/CMakeCXXCompilerABI.cpp.o /usr/local/share/android-ndk/sources/cxx-stl/gnu-libstdc++/4.9/libs/armeabi-v7a/libgnustl_static.a -lstdc++ -lm -lgcc -lc -ldl -lgcc /usr/local/share/android-ndk/platforms/android-9/arch-arm/usr/lib/crtend_android.o


Parsed CXX implicit link information from above output:
  link line regex: [^( *|.*[/\])(arm-linux-androideabi-ld|CMAKE_LINK_STARTFILE-NOTFOUND|([^/\]+-)?ld|collect2)[^/\]*( |$)]
  ignore line: [Change Dir: /Users/lucmichalski/local/golang/src/github.com/hellowod/u3d-plugins-development/NativePlugins/_builds/android-ndk-r15c-api-9-armeabi-v7a-neon-c11-Releaase/CMakeFiles/CMakeTmp]
  ignore line: []
  ignore line: [Run Build Command:"/usr/bin/make" "cmTC_07181/fast"]
  ignore line: [/Applications/Xcode-beta.app/Contents/Developer/usr/bin/make -f CMakeFiles/cmTC_07181.dir/build.make CMakeFiles/cmTC_07181.dir/build]
  ignore line: [Building CXX object CMakeFiles/cmTC_07181.dir/CMakeCXXCompilerABI.cpp.o]
  ignore line: [/usr/local/share/android-ndk/toolchains/arm-linux-androideabi-4.9/prebuilt/darwin-x86_64/bin/arm-linux-androideabi-g++ --sysroot=/usr/local/share/android-ndk/sysroot  -DANDROID -isystem /usr/local/share/android-ndk/sources/cxx-stl/gnu-libstdc++/4.9/include -isystem /usr/local/share/android-ndk/sources/cxx-stl/gnu-libstdc++/4.9/libs/armeabi-v7a/include -isystem /usr/local/share/android-ndk/sources/cxx-stl/gnu-libstdc++/4.9/include/backward -isystem /usr/local/share/android-ndk/sysroot/usr/include -isystem /usr/local/share/android-ndk/sysroot/usr/include/arm-linux-androideabi  -std=c++11   -march=armv7-a -marm -mfpu=neon -mfloat-abi=softfp -funwind-tables -no-canonical-prefixes -D__ANDROID_API__=9 -fexceptions -frtti  -g   -o CMakeFiles/cmTC_07181.dir/CMakeCXXCompilerABI.cpp.o -c /usr/local/Cellar/cmake/3.9.0/share/cmake/Modules/CMakeCXXCompilerABI.cpp]
  ignore line: [Linking CXX executable cmTC_07181]
  ignore line: [/usr/local/Cellar/cmake/3.9.0/bin/cmake -E cmake_link_script CMakeFiles/cmTC_07181.dir/link.txt --verbose=1]
  ignore line: [/usr/local/share/android-ndk/toolchains/arm-linux-androideabi-4.9/prebuilt/darwin-x86_64/bin/arm-linux-androideabi-g++ --sysroot=/usr/local/share/android-ndk/platforms/android-9/arch-arm  -std=c++11   -march=armv7-a -marm -mfpu=neon -mfloat-abi=softfp -funwind-tables -no-canonical-prefixes -D__ANDROID_API__=9 -fexceptions -frtti  -g  -Wl,--fix-cortex-a8  -Wl,--gc-sections -Wl,-z,nocopyreloc -v CMakeFiles/cmTC_07181.dir/CMakeCXXCompilerABI.cpp.o  -o cmTC_07181  "/usr/local/share/android-ndk/sources/cxx-stl/gnu-libstdc++/4.9/libs/armeabi-v7a/libgnustl_static.a" ]
  ignore line: [Using built-in specs.]
  ignore line: [COLLECT_GCC=/usr/local/share/android-ndk/toolchains/arm-linux-androideabi-4.9/prebuilt/darwin-x86_64/bin/arm-linux-androideabi-g++]
  ignore line: [COLLECT_LTO_WRAPPER=/usr/local/share/android-ndk/toolchains/arm-linux-androideabi-4.9/prebuilt/darwin-x86_64/bin/../libexec/gcc/arm-linux-androideabi/4.9.x/lto-wrapper]
  ignore line: [Target: arm-linux-androideabi]
  ignore line: [Configured with: /Volumes/Android/buildbot/src/android/gcc/toolchain/build/../gcc/gcc-4.9/configure --prefix=/tmp/0899942388fbb00fc6ca4802fb5910ae --target=arm-linux-androideabi --host=x86_64-apple-darwin --build=x86_64-apple-darwin --with-gnu-as --with-gnu-ld --enable-languages=c,c++ --with-gmp=/buildbot/tmp/build/toolchain/temp-install --with-mpfr=/buildbot/tmp/build/toolchain/temp-install --with-mpc=/buildbot/tmp/build/toolchain/temp-install --with-cloog=/buildbot/tmp/build/toolchain/temp-install --with-isl=/buildbot/tmp/build/toolchain/temp-install --with-ppl=/buildbot/tmp/build/toolchain/temp-install --disable-ppl-version-check --disable-cloog-version-check --disable-isl-version-check --enable-cloog-backend=isl --with-host-libstdcxx='-static-libgcc -lstdc++ -lm' --disable-libssp --enable-threads --disable-nls --disable-libmudflap --disable-libgomp --disable-libstdc__-v3 --disable-sjlj-exceptions --disable-shared --disable-tls --disable-libitm --with-float=soft --with-fpu=vfp --with-arch=armv5te --enable-target-optspace --enable-bionic-libs --enable-libatomic-ifuncs=no --enable-initfini-array --disable-nls --prefix=/tmp/0899942388fbb00fc6ca4802fb5910ae --with-sysroot=/tmp/0899942388fbb00fc6ca4802fb5910ae/sysroot --with-binutils-version=2.25 --with-mpfr-version=3.1.1 --with-mpc-version=1.0.1 --with-gmp-version=5.0.5 --with-gcc-version=4.9 --with-gdb-version=none --with-gxx-include-dir=/tmp/0899942388fbb00fc6ca4802fb5910ae/include/c++/4.9.x --with-bugurl=http://source.android.com/source/report-bugs.html --enable-languages=c,c++ --disable-bootstrap --enable-plugins --enable-libgomp --enable-gnu-indirect-function --disable-libsanitizer --enable-gold --enable-threads --enable-eh-frame-hdr-for-static --enable-graphite=yes --with-isl-version=0.11.1 --with-cloog-version=0.18.0 --with-arch=armv5te --program-transform-name='s&^&arm-linux-androideabi-&' --enable-gold=default]
  ignore line: [Thread model: posix]
  ignore line: [gcc version 4.9.x 20150123 (prerelease) (GCC) ]
  ignore line: [COMPILER_PATH=/usr/local/share/android-ndk/toolchains/arm-linux-androideabi-4.9/prebuilt/darwin-x86_64/bin/../libexec/gcc/arm-linux-androideabi/4.9.x/:/usr/local/share/android-ndk/toolchains/arm-linux-androideabi-4.9/prebuilt/darwin-x86_64/bin/../libexec/gcc/:/usr/local/share/android-ndk/toolchains/arm-linux-androideabi-4.9/prebuilt/darwin-x86_64/bin/../lib/gcc/arm-linux-androideabi/4.9.x/../../../../arm-linux-androideabi/bin/]
  ignore line: [LIBRARY_PATH=/usr/local/share/android-ndk/toolchains/arm-linux-androideabi-4.9/prebuilt/darwin-x86_64/bin/../lib/gcc/arm-linux-androideabi/4.9.x/armv7-a/:/usr/local/share/android-ndk/toolchains/arm-linux-androideabi-4.9/prebuilt/darwin-x86_64/bin/../lib/gcc/arm-linux-androideabi/4.9.x/../../../../arm-linux-androideabi/lib/armv7-a/:/usr/local/share/android-ndk/toolchains/arm-linux-androideabi-4.9/prebuilt/darwin-x86_64/bin/../lib/gcc/arm-linux-androideabi/4.9.x/:/usr/local/share/android-ndk/toolchains/arm-linux-androideabi-4.9/prebuilt/darwin-x86_64/bin/../lib/gcc/:/usr/local/share/android-ndk/toolchains/arm-linux-androideabi-4.9/prebuilt/darwin-x86_64/bin/../lib/gcc/arm-linux-androideabi/4.9.x/../../../../arm-linux-androideabi/lib/:/usr/local/share/android-ndk/platforms/android-9/arch-arm/usr/lib/]
  ignore line: [COLLECT_GCC_OPTIONS='-std=c++11' '-march=armv7-a' '-marm' '-mfpu=neon' '-mfloat-abi=softfp' '-funwind-tables' '-D' '__ANDROID_API__=9' '-fexceptions' '-frtti' '-g' '-v' '-o' 'cmTC_07181' '-mtls-dialect=gnu']
  link line: [ /usr/local/share/android-ndk/toolchains/arm-linux-androideabi-4.9/prebuilt/darwin-x86_64/bin/../libexec/gcc/arm-linux-androideabi/4.9.x/collect2 -plugin /usr/local/share/android-ndk/toolchains/arm-linux-androideabi-4.9/prebuilt/darwin-x86_64/bin/../libexec/gcc/arm-linux-androideabi/4.9.x/liblto_plugin.so -plugin-opt=/usr/local/share/android-ndk/toolchains/arm-linux-androideabi-4.9/prebuilt/darwin-x86_64/bin/../libexec/gcc/arm-linux-androideabi/4.9.x/lto-wrapper -plugin-opt=-fresolution=/var/folders/mf/fkgdt0ds57qg98q_ky87_v5h0000gn/T//cc3uCp6h.res -plugin-opt=-pass-through=-lgcc -plugin-opt=-pass-through=-lc -plugin-opt=-pass-through=-ldl -plugin-opt=-pass-through=-lgcc --sysroot=/usr/local/share/android-ndk/platforms/android-9/arch-arm --eh-frame-hdr -dynamic-linker /system/bin/linker -X -m armelf_linux_eabi -z noexecstack -z relro -z now -o cmTC_07181 /usr/local/share/android-ndk/platforms/android-9/arch-arm/usr/lib/crtbegin_dynamic.o -L/usr/local/share/android-ndk/toolchains/arm-linux-androideabi-4.9/prebuilt/darwin-x86_64/bin/../lib/gcc/arm-linux-androideabi/4.9.x/armv7-a -L/usr/local/share/android-ndk/toolchains/arm-linux-androideabi-4.9/prebuilt/darwin-x86_64/bin/../lib/gcc/arm-linux-androideabi/4.9.x/../../../../arm-linux-androideabi/lib/armv7-a -L/usr/local/share/android-ndk/toolchains/arm-linux-androideabi-4.9/prebuilt/darwin-x86_64/bin/../lib/gcc/arm-linux-androideabi/4.9.x -L/usr/local/share/android-ndk/toolchains/arm-linux-androideabi-4.9/prebuilt/darwin-x86_64/bin/../lib/gcc -L/usr/local/share/android-ndk/toolchains/arm-linux-androideabi-4.9/prebuilt/darwin-x86_64/bin/../lib/gcc/arm-linux-androideabi/4.9.x/../../../../arm-linux-androideabi/lib -L/usr/local/share/android-ndk/platforms/android-9/arch-arm/usr/lib --fix-cortex-a8 --gc-sections -z nocopyreloc CMakeFiles/cmTC_07181.dir/CMakeCXXCompilerABI.cpp.o /usr/local/share/android-ndk/sources/cxx-stl/gnu-libstdc++/4.9/libs/armeabi-v7a/libgnustl_static.a -lstdc++ -lm -lgcc -lc -ldl -lgcc /usr/local/share/android-ndk/platforms/android-9/arch-arm/usr/lib/crtend_android.o]
    arg [/usr/local/share/android-ndk/toolchains/arm-linux-androideabi-4.9/prebuilt/darwin-x86_64/bin/../libexec/gcc/arm-linux-androideabi/4.9.x/collect2] ==> ignore
    arg [-plugin] ==> ignore
    arg [/usr/local/share/android-ndk/toolchains/arm-linux-androideabi-4.9/prebuilt/darwin-x86_64/bin/../libexec/gcc/arm-linux-androideabi/4.9.x/liblto_plugin.so] ==> ignore
    arg [-plugin-opt=/usr/local/share/android-ndk/toolchains/arm-linux-androideabi-4.9/prebuilt/darwin-x86_64/bin/../libexec/gcc/arm-linux-androideabi/4.9.x/lto-wrapper] ==> ignore
    arg [-plugin-opt=-fresolution=/var/folders/mf/fkgdt0ds57qg98q_ky87_v5h0000gn/T//cc3uCp6h.res] ==> ignore
    arg [-plugin-opt=-pass-through=-lgcc] ==> ignore
    arg [-plugin-opt=-pass-through=-lc] ==> ignore
    arg [-plugin-opt=-pass-through=-ldl] ==> ignore
    arg [-plugin-opt=-pass-through=-lgcc] ==> ignore
    arg [--sysroot=/usr/local/share/android-ndk/platforms/android-9/arch-arm] ==> ignore
    arg [--eh-frame-hdr] ==> ignore
    arg [-dynamic-linker] ==> ignore
    arg [/system/bin/linker] ==> ignore
    arg [-X] ==> ignore
    arg [-m] ==> ignore
    arg [armelf_linux_eabi] ==> ignore
    arg [-znoexecstack] ==> ignore
    arg [-zrelro] ==> ignore
    arg [-znow] ==> ignore
    arg [-o] ==> ignore
    arg [cmTC_07181] ==> ignore
    arg [/usr/local/share/android-ndk/platforms/android-9/arch-arm/usr/lib/crtbegin_dynamic.o] ==> ignore
    arg [-L/usr/local/share/android-ndk/toolchains/arm-linux-androideabi-4.9/prebuilt/darwin-x86_64/bin/../lib/gcc/arm-linux-androideabi/4.9.x/armv7-a] ==> dir [/usr/local/share/android-ndk/toolchains/arm-linux-androideabi-4.9/prebuilt/darwin-x86_64/bin/../lib/gcc/arm-linux-androideabi/4.9.x/armv7-a]
    arg [-L/usr/local/share/android-ndk/toolchains/arm-linux-androideabi-4.9/prebuilt/darwin-x86_64/bin/../lib/gcc/arm-linux-androideabi/4.9.x/../../../../arm-linux-androideabi/lib/armv7-a] ==> dir [/usr/local/share/android-ndk/toolchains/arm-linux-androideabi-4.9/prebuilt/darwin-x86_64/bin/../lib/gcc/arm-linux-androideabi/4.9.x/../../../../arm-linux-androideabi/lib/armv7-a]
    arg [-L/usr/local/share/android-ndk/toolchains/arm-linux-androideabi-4.9/prebuilt/darwin-x86_64/bin/../lib/gcc/arm-linux-androideabi/4.9.x] ==> dir [/usr/local/share/android-ndk/toolchains/arm-linux-androideabi-4.9/prebuilt/darwin-x86_64/bin/../lib/gcc/arm-linux-androideabi/4.9.x]
    arg [-L/usr/local/share/android-ndk/toolchains/arm-linux-androideabi-4.9/prebuilt/darwin-x86_64/bin/../lib/gcc] ==> dir [/usr/local/share/android-ndk/toolchains/arm-linux-androideabi-4.9/prebuilt/darwin-x86_64/bin/../lib/gcc]
    arg [-L/usr/local/share/android-ndk/toolchains/arm-linux-androideabi-4.9/prebuilt/darwin-x86_64/bin/../lib/gcc/arm-linux-androideabi/4.9.x/../../../../arm-linux-androideabi/lib] ==> dir [/usr/local/share/android-ndk/toolchains/arm-linux-androideabi-4.9/prebuilt/darwin-x86_64/bin/../lib/gcc/arm-linux-androideabi/4.9.x/../../../../arm-linux-androideabi/lib]
    arg [-L/usr/local/share/android-ndk/platforms/android-9/arch-arm/usr/lib] ==> dir [/usr/local/share/android-ndk/platforms/android-9/arch-arm/usr/lib]
    arg [--fix-cortex-a8] ==> ignore
    arg [--gc-sections] ==> ignore
    arg [-znocopyreloc] ==> ignore
    arg [CMakeFiles/cmTC_07181.dir/CMakeCXXCompilerABI.cpp.o] ==> ignore
    arg [/usr/local/share/android-ndk/sources/cxx-stl/gnu-libstdc++/4.9/libs/armeabi-v7a/libgnustl_static.a] ==> lib [/usr/local/share/android-ndk/sources/cxx-stl/gnu-libstdc++/4.9/libs/armeabi-v7a/libgnustl_static.a]
    arg [-lstdc++] ==> lib [stdc++]
    arg [-lm] ==> lib [m]
    arg [-lgcc] ==> lib [gcc]
    arg [-lc] ==> lib [c]
    arg [-ldl] ==> lib [dl]
    arg [-lgcc] ==> lib [gcc]
    arg [/usr/local/share/android-ndk/platforms/android-9/arch-arm/usr/lib/crtend_android.o] ==> ignore
  collapse library dir [/usr/local/share/android-ndk/toolchains/arm-linux-androideabi-4.9/prebuilt/darwin-x86_64/bin/../lib/gcc/arm-linux-androideabi/4.9.x/armv7-a] ==> [/usr/local/share/android-ndk/toolchains/arm-linux-androideabi-4.9/prebuilt/darwin-x86_64/lib/gcc/arm-linux-androideabi/4.9.x/armv7-a]
  collapse library dir [/usr/local/share/android-ndk/toolchains/arm-linux-androideabi-4.9/prebuilt/darwin-x86_64/bin/../lib/gcc/arm-linux-androideabi/4.9.x/../../../../arm-linux-androideabi/lib/armv7-a] ==> [/usr/local/share/android-ndk/toolchains/arm-linux-androideabi-4.9/prebuilt/darwin-x86_64/arm-linux-androideabi/lib/armv7-a]
  collapse library dir [/usr/local/share/android-ndk/toolchains/arm-linux-androideabi-4.9/prebuilt/darwin-x86_64/bin/../lib/gcc/arm-linux-androideabi/4.9.x] ==> [/usr/local/share/android-ndk/toolchains/arm-linux-androideabi-4.9/prebuilt/darwin-x86_64/lib/gcc/arm-linux-androideabi/4.9.x]
  collapse library dir [/usr/local/share/android-ndk/toolchains/arm-linux-androideabi-4.9/prebuilt/darwin-x86_64/bin/../lib/gcc] ==> [/usr/local/share/android-ndk/toolchains/arm-linux-androideabi-4.9/prebuilt/darwin-x86_64/lib/gcc]
  collapse library dir [/usr/local/share/android-ndk/toolchains/arm-linux-androideabi-4.9/prebuilt/darwin-x86_64/bin/../lib/gcc/arm-linux-androideabi/4.9.x/../../../../arm-linux-androideabi/lib] ==> [/usr/local/share/android-ndk/toolchains/arm-linux-androideabi-4.9/prebuilt/darwin-x86_64/arm-linux-androideabi/lib]
  collapse library dir [/usr/local/share/android-ndk/platforms/android-9/arch-arm/usr/lib] ==> [/usr/local/share/android-ndk/platforms/android-9/arch-arm/usr/lib]
  implicit libs: [/usr/local/share/android-ndk/sources/cxx-stl/gnu-libstdc++/4.9/libs/armeabi-v7a/libgnustl_static.a;stdc++;m;gcc;c;dl;gcc]
  implicit dirs: [/usr/local/share/android-ndk/toolchains/arm-linux-androideabi-4.9/prebuilt/darwin-x86_64/lib/gcc/arm-linux-androideabi/4.9.x/armv7-a;/usr/local/share/android-ndk/toolchains/arm-linux-androideabi-4.9/prebuilt/darwin-x86_64/arm-linux-androideabi/lib/armv7-a;/usr/local/share/android-ndk/toolchains/arm-linux-androideabi-4.9/prebuilt/darwin-x86_64/lib/gcc/arm-linux-androideabi/4.9.x;/usr/local/share/android-ndk/toolchains/arm-linux-androideabi-4.9/prebuilt/darwin-x86_64/lib/gcc;/usr/local/share/android-ndk/toolchains/arm-linux-androideabi-4.9/prebuilt/darwin-x86_64/arm-linux-androideabi/lib;/usr/local/share/android-ndk/platforms/android-9/arch-arm/usr/lib]
  implicit fwks: []




Detecting CXX [-std=c++14] compiler features compiled with the following output:
Change Dir: /Users/lucmichalski/local/golang/src/github.com/hellowod/u3d-plugins-development/NativePlugins/_builds/android-ndk-r15c-api-9-armeabi-v7a-neon-c11-Releaase/CMakeFiles/CMakeTmp

Run Build Command:"/usr/bin/make" "cmTC_5964d/fast"
/Applications/Xcode-beta.app/Contents/Developer/usr/bin/make -f CMakeFiles/cmTC_5964d.dir/build.make CMakeFiles/cmTC_5964d.dir/build
Building CXX object CMakeFiles/cmTC_5964d.dir/feature_tests.cxx.o
/usr/local/share/android-ndk/toolchains/arm-linux-androideabi-4.9/prebuilt/darwin-x86_64/bin/arm-linux-androideabi-g++ --sysroot=/usr/local/share/android-ndk/sysroot  -DANDROID -isystem /usr/local/share/android-ndk/sources/cxx-stl/gnu-libstdc++/4.9/include -isystem /usr/local/share/android-ndk/sources/cxx-stl/gnu-libstdc++/4.9/libs/armeabi-v7a/include -isystem /usr/local/share/android-ndk/sources/cxx-stl/gnu-libstdc++/4.9/include/backward -isystem /usr/local/share/android-ndk/sysroot/usr/include -isystem /usr/local/share/android-ndk/sysroot/usr/include/arm-linux-androideabi  -std=c++11   -march=armv7-a -marm -mfpu=neon -mfloat-abi=softfp -funwind-tables -no-canonical-prefixes -D__ANDROID_API__=9 -fexceptions -frtti  -g   -std=c++14 -o CMakeFiles/cmTC_5964d.dir/feature_tests.cxx.o -c /Users/lucmichalski/local/golang/src/github.com/hellowod/u3d-plugins-development/NativePlugins/_builds/android-ndk-r15c-api-9-armeabi-v7a-neon-c11-Releaase/CMakeFiles/feature_tests.cxx
Linking CXX executable cmTC_5964d
/usr/local/Cellar/cmake/3.9.0/bin/cmake -E cmake_link_script CMakeFiles/cmTC_5964d.dir/link.txt --verbose=1
/usr/local/share/android-ndk/toolchains/arm-linux-androideabi-4.9/prebuilt/darwin-x86_64/bin/arm-linux-androideabi-g++ --sysroot=/usr/local/share/android-ndk/platforms/android-9/arch-arm  -std=c++11   -march=armv7-a -marm -mfpu=neon -mfloat-abi=softfp -funwind-tables -no-canonical-prefixes -D__ANDROID_API__=9 -fexceptions -frtti  -g  -Wl,--fix-cortex-a8  -Wl,--gc-sections -Wl,-z,nocopyreloc  CMakeFiles/cmTC_5964d.dir/feature_tests.cxx.o  -o cmTC_5964d  "/usr/local/share/android-ndk/sources/cxx-stl/gnu-libstdc++/4.9/libs/armeabi-v7a/libgnustl_static.a" 


    Feature record: CXX_FEATURE:0cxx_aggregate_default_initializers
    Feature record: CXX_FEATURE:1cxx_alias_templates
    Feature record: CXX_FEATURE:1cxx_alignas
    Feature record: CXX_FEATURE:1cxx_alignof
    Feature record: CXX_FEATURE:1cxx_attributes
    Feature record: CXX_FEATURE:1cxx_attribute_deprecated
    Feature record: CXX_FEATURE:1cxx_auto_type
    Feature record: CXX_FEATURE:1cxx_binary_literals
    Feature record: CXX_FEATURE:1cxx_constexpr
    Feature record: CXX_FEATURE:1cxx_contextual_conversions
    Feature record: CXX_FEATURE:1cxx_decltype
    Feature record: CXX_FEATURE:1cxx_decltype_auto
    Feature record: CXX_FEATURE:1cxx_decltype_incomplete_return_types
    Feature record: CXX_FEATURE:1cxx_default_function_template_args
    Feature record: CXX_FEATURE:1cxx_defaulted_functions
    Feature record: CXX_FEATURE:1cxx_defaulted_move_initializers
    Feature record: CXX_FEATURE:1cxx_delegating_constructors
    Feature record: CXX_FEATURE:1cxx_deleted_functions
    Feature record: CXX_FEATURE:1cxx_digit_separators
    Feature record: CXX_FEATURE:1cxx_enum_forward_declarations
    Feature record: CXX_FEATURE:1cxx_explicit_conversions
    Feature record: CXX_FEATURE:1cxx_extended_friend_declarations
    Feature record: CXX_FEATURE:1cxx_extern_templates
    Feature record: CXX_FEATURE:1cxx_final
    Feature record: CXX_FEATURE:1cxx_func_identifier
    Feature record: CXX_FEATURE:1cxx_generalized_initializers
    Feature record: CXX_FEATURE:1cxx_generic_lambdas
    Feature record: CXX_FEATURE:1cxx_inheriting_constructors
    Feature record: CXX_FEATURE:1cxx_inline_namespaces
    Feature record: CXX_FEATURE:1cxx_lambdas
    Feature record: CXX_FEATURE:1cxx_lambda_init_captures
    Feature record: CXX_FEATURE:1cxx_local_type_template_args
    Feature record: CXX_FEATURE:1cxx_long_long_type
    Feature record: CXX_FEATURE:1cxx_noexcept
    Feature record: CXX_FEATURE:1cxx_nonstatic_member_init
    Feature record: CXX_FEATURE:1cxx_nullptr
    Feature record: CXX_FEATURE:1cxx_override
    Feature record: CXX_FEATURE:1cxx_range_for
    Feature record: CXX_FEATURE:1cxx_raw_string_literals
    Feature record: CXX_FEATURE:1cxx_reference_qualified_functions
    Feature record: CXX_FEATURE:0cxx_relaxed_constexpr
    Feature record: CXX_FEATURE:1cxx_return_type_deduction
    Feature record: CXX_FEATURE:1cxx_right_angle_brackets
    Feature record: CXX_FEATURE:1cxx_rvalue_references
    Feature record: CXX_FEATURE:1cxx_sizeof_member
    Feature record: CXX_FEATURE:1cxx_static_assert
    Feature record: CXX_FEATURE:1cxx_strong_enums
    Feature record: CXX_FEATURE:1cxx_template_template_parameters
    Feature record: CXX_FEATURE:1cxx_thread_local
    Feature record: CXX_FEATURE:1cxx_trailing_return_types
    Feature record: CXX_FEATURE:1cxx_unicode_literals
    Feature record: CXX_FEATURE:1cxx_uniform_initialization
    Feature record: CXX_FEATURE:1cxx_unrestricted_unions
    Feature record: CXX_FEATURE:1cxx_user_literals
    Feature record: CXX_FEATURE:0cxx_variable_templates
    Feature record: CXX_FEATURE:1cxx_variadic_macros
    Feature record: CXX_FEATURE:1cxx_variadic_templates


Detecting CXX [-std=c++11] compiler features compiled with the following output:
Change Dir: /Users/lucmichalski/local/golang/src/github.com/hellowod/u3d-plugins-development/NativePlugins/_builds/android-ndk-r15c-api-9-armeabi-v7a-neon-c11-Releaase/CMakeFiles/CMakeTmp

Run Build Command:"/usr/bin/make" "cmTC_bfc32/fast"
/Applications/Xcode-beta.app/Contents/Developer/usr/bin/make -f CMakeFiles/cmTC_bfc32.dir/build.make CMakeFiles/cmTC_bfc32.dir/build
Building CXX object CMakeFiles/cmTC_bfc32.dir/feature_tests.cxx.o
/usr/local/share/android-ndk/toolchains/arm-linux-androideabi-4.9/prebuilt/darwin-x86_64/bin/arm-linux-androideabi-g++ --sysroot=/usr/local/share/android-ndk/sysroot  -DANDROID -isystem /usr/local/share/android-ndk/sources/cxx-stl/gnu-libstdc++/4.9/include -isystem /usr/local/share/android-ndk/sources/cxx-stl/gnu-libstdc++/4.9/libs/armeabi-v7a/include -isystem /usr/local/share/android-ndk/sources/cxx-stl/gnu-libstdc++/4.9/include/backward -isystem /usr/local/share/android-ndk/sysroot/usr/include -isystem /usr/local/share/android-ndk/sysroot/usr/include/arm-linux-androideabi  -std=c++11   -march=armv7-a -marm -mfpu=neon -mfloat-abi=softfp -funwind-tables -no-canonical-prefixes -D__ANDROID_API__=9 -fexceptions -frtti  -g   -std=c++11 -o CMakeFiles/cmTC_bfc32.dir/feature_tests.cxx.o -c /Users/lucmichalski/local/golang/src/github.com/hellowod/u3d-plugins-development/NativePlugins/_builds/android-ndk-r15c-api-9-armeabi-v7a-neon-c11-Releaase/CMakeFiles/feature_tests.cxx
Linking CXX executable cmTC_bfc32
/usr/local/Cellar/cmake/3.9.0/bin/cmake -E cmake_link_script CMakeFiles/cmTC_bfc32.dir/link.txt --verbose=1
/usr/local/share/android-ndk/toolchains/arm-linux-androideabi-4.9/prebuilt/darwin-x86_64/bin/arm-linux-androideabi-g++ --sysroot=/usr/local/share/android-ndk/platforms/android-9/arch-arm  -std=c++11   -march=armv7-a -marm -mfpu=neon -mfloat-abi=softfp -funwind-tables -no-canonical-prefixes -D__ANDROID_API__=9 -fexceptions -frtti  -g  -Wl,--fix-cortex-a8  -Wl,--gc-sections -Wl,-z,nocopyreloc  CMakeFiles/cmTC_bfc32.dir/feature_tests.cxx.o  -o cmTC_bfc32  "/usr/local/share/android-ndk/sources/cxx-stl/gnu-libstdc++/4.9/libs/armeabi-v7a/libgnustl_static.a" 


    Feature record: CXX_FEATURE:0cxx_aggregate_default_initializers
    Feature record: CXX_FEATURE:1cxx_alias_templates
    Feature record: CXX_FEATURE:1cxx_alignas
    Feature record: CXX_FEATURE:1cxx_alignof
    Feature record: CXX_FEATURE:1cxx_attributes
    Feature record: CXX_FEATURE:0cxx_attribute_deprecated
    Feature record: CXX_FEATURE:1cxx_auto_type
    Feature record: CXX_FEATURE:0cxx_binary_literals
    Feature record: CXX_FEATURE:1cxx_constexpr
    Feature record: CXX_FEATURE:0cxx_contextual_conversions
    Feature record: CXX_FEATURE:1cxx_decltype
    Feature record: CXX_FEATURE:0cxx_decltype_auto
    Feature record: CXX_FEATURE:1cxx_decltype_incomplete_return_types
    Feature record: CXX_FEATURE:1cxx_default_function_template_args
    Feature record: CXX_FEATURE:1cxx_defaulted_functions
    Feature record: CXX_FEATURE:1cxx_defaulted_move_initializers
    Feature record: CXX_FEATURE:1cxx_delegating_constructors
    Feature record: CXX_FEATURE:1cxx_deleted_functions
    Feature record: CXX_FEATURE:0cxx_digit_separators
    Feature record: CXX_FEATURE:1cxx_enum_forward_declarations
    Feature record: CXX_FEATURE:1cxx_explicit_conversions
    Feature record: CXX_FEATURE:1cxx_extended_friend_declarations
    Feature record: CXX_FEATURE:1cxx_extern_templates
    Feature record: CXX_FEATURE:1cxx_final
    Feature record: CXX_FEATURE:1cxx_func_identifier
    Feature record: CXX_FEATURE:1cxx_generalized_initializers
    Feature record: CXX_FEATURE:0cxx_generic_lambdas
    Feature record: CXX_FEATURE:1cxx_inheriting_constructors
    Feature record: CXX_FEATURE:1cxx_inline_namespaces
    Feature record: CXX_FEATURE:1cxx_lambdas
    Feature record: CXX_FEATURE:0cxx_lambda_init_captures
    Feature record: CXX_FEATURE:1cxx_local_type_template_args
    Feature record: CXX_FEATURE:1cxx_long_long_type
    Feature record: CXX_FEATURE:1cxx_noexcept
    Feature record: CXX_FEATURE:1cxx_nonstatic_member_init
    Feature record: CXX_FEATURE:1cxx_nullptr
    Feature record: CXX_FEATURE:1cxx_override
    Feature record: CXX_FEATURE:1cxx_range_for
    Feature record: CXX_FEATURE:1cxx_raw_string_literals
    Feature record: CXX_FEATURE:1cxx_reference_qualified_functions
    Feature record: CXX_FEATURE:0cxx_relaxed_constexpr
    Feature record: CXX_FEATURE:0cxx_return_type_deduction
    Feature record: CXX_FEATURE:1cxx_right_angle_brackets
    Feature record: CXX_FEATURE:1cxx_rvalue_references
    Feature record: CXX_FEATURE:1cxx_sizeof_member
    Feature record: CXX_FEATURE:1cxx_static_assert
    Feature record: CXX_FEATURE:1cxx_strong_enums
    Feature record: CXX_FEATURE:1cxx_template_template_parameters
    Feature record: CXX_FEATURE:1cxx_thread_local
    Feature record: CXX_FEATURE:1cxx_trailing_return_types
    Feature record: CXX_FEATURE:1cxx_unicode_literals
    Feature record: CXX_FEATURE:1cxx_uniform_initialization
    Feature record: CXX_FEATURE:1cxx_unrestricted_unions
    Feature record: CXX_FEATURE:1cxx_user_literals
    Feature record: CXX_FEATURE:0cxx_variable_templates
    Feature record: CXX_FEATURE:1cxx_variadic_macros
    Feature record: CXX_FEATURE:1cxx_variadic_templates


Detecting CXX [-std=c++98] compiler features compiled with the following output:
Change Dir: /Users/lucmichalski/local/golang/src/github.com/hellowod/u3d-plugins-development/NativePlugins/_builds/android-ndk-r15c-api-9-armeabi-v7a-neon-c11-Releaase/CMakeFiles/CMakeTmp

Run Build Command:"/usr/bin/make" "cmTC_e15ef/fast"
/Applications/Xcode-beta.app/Contents/Developer/usr/bin/make -f CMakeFiles/cmTC_e15ef.dir/build.make CMakeFiles/cmTC_e15ef.dir/build
Building CXX object CMakeFiles/cmTC_e15ef.dir/feature_tests.cxx.o
/usr/local/share/android-ndk/toolchains/arm-linux-androideabi-4.9/prebuilt/darwin-x86_64/bin/arm-linux-androideabi-g++ --sysroot=/usr/local/share/android-ndk/sysroot  -DANDROID -isystem /usr/local/share/android-ndk/sources/cxx-stl/gnu-libstdc++/4.9/include -isystem /usr/local/share/android-ndk/sources/cxx-stl/gnu-libstdc++/4.9/libs/armeabi-v7a/include -isystem /usr/local/share/android-ndk/sources/cxx-stl/gnu-libstdc++/4.9/include/backward -isystem /usr/local/share/android-ndk/sysroot/usr/include -isystem /usr/local/share/android-ndk/sysroot/usr/include/arm-linux-androideabi  -std=c++11   -march=armv7-a -marm -mfpu=neon -mfloat-abi=softfp -funwind-tables -no-canonical-prefixes -D__ANDROID_API__=9 -fexceptions -frtti  -g   -std=c++98 -o CMakeFiles/cmTC_e15ef.dir/feature_tests.cxx.o -c /Users/lucmichalski/local/golang/src/github.com/hellowod/u3d-plugins-development/NativePlugins/_builds/android-ndk-r15c-api-9-armeabi-v7a-neon-c11-Releaase/CMakeFiles/feature_tests.cxx
Linking CXX executable cmTC_e15ef
/usr/local/Cellar/cmake/3.9.0/bin/cmake -E cmake_link_script CMakeFiles/cmTC_e15ef.dir/link.txt --verbose=1
/usr/local/share/android-ndk/toolchains/arm-linux-androideabi-4.9/prebuilt/darwin-x86_64/bin/arm-linux-androideabi-g++ --sysroot=/usr/local/share/android-ndk/platforms/android-9/arch-arm  -std=c++11   -march=armv7-a -marm -mfpu=neon -mfloat-abi=softfp -funwind-tables -no-canonical-prefixes -D__ANDROID_API__=9 -fexceptions -frtti  -g  -Wl,--fix-cortex-a8  -Wl,--gc-sections -Wl,-z,nocopyreloc  CMakeFiles/cmTC_e15ef.dir/feature_tests.cxx.o  -o cmTC_e15ef  "/usr/local/share/android-ndk/sources/cxx-stl/gnu-libstdc++/4.9/libs/armeabi-v7a/libgnustl_static.a" 


    Feature record: CXX_FEATURE:0cxx_aggregate_default_initializers
    Feature record: CXX_FEATURE:0cxx_alias_templates
    Feature record: CXX_FEATURE:0cxx_alignas
    Feature record: CXX_FEATURE:0cxx_alignof
    Feature record: CXX_FEATURE:0cxx_attributes
    Feature record: CXX_FEATURE:0cxx_attribute_deprecated
    Feature record: CXX_FEATURE:0cxx_auto_type
    Feature record: CXX_FEATURE:0cxx_binary_literals
    Feature record: CXX_FEATURE:0cxx_constexpr
    Feature record: CXX_FEATURE:0cxx_contextual_conversions
    Feature record: CXX_FEATURE:0cxx_decltype
    Feature record: CXX_FEATURE:0cxx_decltype_auto
    Feature record: CXX_FEATURE:0cxx_decltype_incomplete_return_types
    Feature record: CXX_FEATURE:0cxx_default_function_template_args
    Feature record: CXX_FEATURE:0cxx_defaulted_functions
    Feature record: CXX_FEATURE:0cxx_defaulted_move_initializers
    Feature record: CXX_FEATURE:0cxx_delegating_constructors
    Feature record: CXX_FEATURE:0cxx_deleted_functions
    Feature record: CXX_FEATURE:0cxx_digit_separators
    Feature record: CXX_FEATURE:0cxx_enum_forward_declarations
    Feature record: CXX_FEATURE:0cxx_explicit_conversions
    Feature record: CXX_FEATURE:0cxx_extended_friend_declarations
    Feature record: CXX_FEATURE:0cxx_extern_templates
    Feature record: CXX_FEATURE:0cxx_final
    Feature record: CXX_FEATURE:0cxx_func_identifier
    Feature record: CXX_FEATURE:0cxx_generalized_initializers
    Feature record: CXX_FEATURE:0cxx_generic_lambdas
    Feature record: CXX_FEATURE:0cxx_inheriting_constructors
    Feature record: CXX_FEATURE:0cxx_inline_namespaces
    Feature record: CXX_FEATURE:0cxx_lambdas
    Feature record: CXX_FEATURE:0cxx_lambda_init_captures
    Feature record: CXX_FEATURE:0cxx_local_type_template_args
    Feature record: CXX_FEATURE:0cxx_long_long_type
    Feature record: CXX_FEATURE:0cxx_noexcept
    Feature record: CXX_FEATURE:0cxx_nonstatic_member_init
    Feature record: CXX_FEATURE:0cxx_nullptr
    Feature record: CXX_FEATURE:0cxx_override
    Feature record: CXX_FEATURE:0cxx_range_for
    Feature record: CXX_FEATURE:0cxx_raw_string_literals
    Feature record: CXX_FEATURE:0cxx_reference_qualified_functions
    Feature record: CXX_FEATURE:0cxx_relaxed_constexpr
    Feature record: CXX_FEATURE:0cxx_return_type_deduction
    Feature record: CXX_FEATURE:0cxx_right_angle_brackets
    Feature record: CXX_FEATURE:0cxx_rvalue_references
    Feature record: CXX_FEATURE:0cxx_sizeof_member
    Feature record: CXX_FEATURE:0cxx_static_assert
    Feature record: CXX_FEATURE:0cxx_strong_enums
    Feature record: CXX_FEATURE:1cxx_template_template_parameters
    Feature record: CXX_FEATURE:0cxx_thread_local
    Feature record: CXX_FEATURE:0cxx_trailing_return_types
    Feature record: CXX_FEATURE:0cxx_unicode_literals
    Feature record: CXX_FEATURE:0cxx_uniform_initialization
    Feature record: CXX_FEATURE:0cxx_unrestricted_unions
    Feature record: CXX_FEATURE:0cxx_user_literals
    Feature record: CXX_FEATURE:0cxx_variable_templates
    Feature record: CXX_FEATURE:0cxx_variadic_macros
    Feature record: CXX_FEATURE:0cxx_variadic_templates
