Determining if the function clock_gettime exists in the rt failed with the following output:
Change Dir: /Users/lucmichalski/local/golang/src/github.com/hellowod/u3d-plugins-development/NativePlugins/_builds/ios-11-0-dep-8-0-libcxx-hid-sections/CMakeFiles/CMakeTmp

Run Build Command:"/usr/bin/xcodebuild" "-project" "CMAKE_TRY_COMPILE.xcodeproj" "build" "-target" "cmTC_812ab" "-configuration" "Debug"
=== BUILD TARGET cmTC_812ab OF PROJECT CMAKE_TRY_COMPILE WITH CONFIGURATION Debug ===

Check dependencies

Write auxiliary files
/bin/mkdir -p /Users/lucmichalski/local/golang/src/github.com/hellowod/u3d-plugins-development/NativePlugins/_builds/ios-11-0-dep-8-0-libcxx-hid-sections/CMakeFiles/CMakeTmp/CMAKE_TRY_COMPILE.build/Debug-iphoneos/cmTC_812ab.build/Objects-normal/armv7
write-file /Users/lucmichalski/local/golang/src/github.com/hellowod/u3d-plugins-development/NativePlugins/_builds/ios-11-0-dep-8-0-libcxx-hid-sections/CMakeFiles/CMakeTmp/CMAKE_TRY_COMPILE.build/Debug-iphoneos/cmTC_812ab.build/Objects-normal/armv7/cmTC_812ab.LinkFileList

Create product structure
/bin/mkdir -p /Users/lucmichalski/local/golang/src/github.com/hellowod/u3d-plugins-development/NativePlugins/_builds/ios-11-0-dep-8-0-libcxx-hid-sections/CMakeFiles/CMakeTmp/Debug/cmTC_812ab.app

ProcessInfoPlistFile Debug/cmTC_812ab.app/Info.plist CMakeFiles/cmTC_812ab.dir/Info.plist
    cd /Users/lucmichalski/local/golang/src/github.com/hellowod/u3d-plugins-development/NativePlugins/_builds/ios-11-0-dep-8-0-libcxx-hid-sections/CMakeFiles/CMakeTmp
    export PATH="/Applications/Xcode-beta.app/Contents/Developer/Platforms/iPhoneOS.platform/Developer/usr/bin:/Applications/Xcode-beta.app/Contents/Developer/usr/bin:/usr/bin:/bin:/usr/sbin:/sbin:/usr/local/bin"
    builtin-infoPlistUtility /Users/lucmichalski/local/golang/src/github.com/hellowod/u3d-plugins-development/NativePlugins/_builds/ios-11-0-dep-8-0-libcxx-hid-sections/CMakeFiles/CMakeTmp/CMakeFiles/cmTC_812ab.dir/Info.plist -genpkginfo /Users/lucmichalski/local/golang/src/github.com/hellowod/u3d-plugins-development/NativePlugins/_builds/ios-11-0-dep-8-0-libcxx-hid-sections/CMakeFiles/CMakeTmp/Debug/cmTC_812ab.app/PkgInfo -expandbuildsettings -format binary -platform iphoneos -o /Users/lucmichalski/local/golang/src/github.com/hellowod/u3d-plugins-development/NativePlugins/_builds/ios-11-0-dep-8-0-libcxx-hid-sections/CMakeFiles/CMakeTmp/Debug/cmTC_812ab.app/Info.plist

CompileC CMAKE_TRY_COMPILE.build/Debug-iphoneos/cmTC_812ab.build/Objects-normal/armv7/CheckFunctionExists.o /usr/local/Cellar/cmake/3.9.0/share/cmake/Modules/CheckFunctionExists.c normal armv7 c com.apple.compilers.llvm.clang.1_0.compiler
    cd /Users/lucmichalski/local/golang/src/github.com/hellowod/u3d-plugins-development/NativePlugins/_builds/ios-11-0-dep-8-0-libcxx-hid-sections/CMakeFiles/CMakeTmp
    export LANG=en_US.US-ASCII
    export PATH="/Applications/Xcode-beta.app/Contents/Developer/Platforms/iPhoneOS.platform/Developer/usr/bin:/Applications/Xcode-beta.app/Contents/Developer/usr/bin:/usr/bin:/bin:/usr/sbin:/sbin:/usr/local/bin"
    /Applications/Xcode-beta.app/Contents/Developer/Toolchains/XcodeDefault.xctoolchain/usr/bin/clang -x c -arch armv7 -fmessage-length=0 -fdiagnostics-show-note-include-stack -fmacro-backtrace-limit=0 -Wno-trigraphs -fpascal-strings -O0 -Wno-missing-field-initializers -Wno-missing-prototypes -Wno-return-type -Wno-missing-braces -Wparentheses -Wswitch -Wno-unused-function -Wno-unused-label -Wno-unused-parameter -Wno-unused-variable -Wunused-value -Wno-empty-body -Wno-uninitialized -Wno-unknown-pragmas -Wno-shadow -Wno-four-char-constants -Wno-conversion -Wno-constant-conversion -Wno-int-conversion -Wno-bool-conversion -Wno-enum-conversion -Wno-float-conversion -Wno-non-literal-null-conversion -Wno-objc-literal-conversion -Wno-shorten-64-to-32 -Wpointer-sign -Wno-newline-eof -DCMAKE_INTDIR=\"Debug-iphoneos\" -isysroot /Applications/Xcode-beta.app/Contents/Developer/Platforms/iPhoneOS.platform/Developer/SDKs/iPhoneOS11.0.sdk -fstrict-aliasing -Wdeprecated-declarations -miphoneos-version-min=8.0 -g -Wno-sign-conversion -Wno-infinite-recursion -Wno-comma -Wno-block-capture-autoreleasing -Wno-strict-prototypes -I/Users/lucmichalski/local/golang/src/github.com/hellowod/u3d-plugins-development/NativePlugins/_builds/ios-11-0-dep-8-0-libcxx-hid-sections/CMakeFiles/CMakeTmp/Debug/include -I/Users/lucmichalski/local/golang/src/github.com/hellowod/u3d-plugins-development/NativePlugins/_builds/ios-11-0-dep-8-0-libcxx-hid-sections/CMakeFiles/CMakeTmp/CMAKE_TRY_COMPILE.build/Debug-iphoneos/cmTC_812ab.build/DerivedSources/armv7 -I/Users/lucmichalski/local/golang/src/github.com/hellowod/u3d-plugins-development/NativePlugins/_builds/ios-11-0-dep-8-0-libcxx-hid-sections/CMakeFiles/CMakeTmp/CMAKE_TRY_COMPILE.build/Debug-iphoneos/cmTC_812ab.build/DerivedSources -Wmost -Wno-four-char-constants -Wno-unknown-pragmas -F/Users/lucmichalski/local/golang/src/github.com/hellowod/u3d-plugins-development/NativePlugins/_builds/ios-11-0-dep-8-0-libcxx-hid-sections/CMakeFiles/CMakeTmp/Debug -fdata-sections -ffunction-sections -fvisibility=hidden -DCHECK_FUNCTION_EXISTS=clock_gettime -MMD -MT dependencies -MF /Users/lucmichalski/local/golang/src/github.com/hellowod/u3d-plugins-development/NativePlugins/_builds/ios-11-0-dep-8-0-libcxx-hid-sections/CMakeFiles/CMakeTmp/CMAKE_TRY_COMPILE.build/Debug-iphoneos/cmTC_812ab.build/Objects-normal/armv7/CheckFunctionExists.d --serialize-diagnostics /Users/lucmichalski/local/golang/src/github.com/hellowod/u3d-plugins-development/NativePlugins/_builds/ios-11-0-dep-8-0-libcxx-hid-sections/CMakeFiles/CMakeTmp/CMAKE_TRY_COMPILE.build/Debug-iphoneos/cmTC_812ab.build/Objects-normal/armv7/CheckFunctionExists.dia -c /usr/local/Cellar/cmake/3.9.0/share/cmake/Modules/CheckFunctionExists.c -o /Users/lucmichalski/local/golang/src/github.com/hellowod/u3d-plugins-development/NativePlugins/_builds/ios-11-0-dep-8-0-libcxx-hid-sections/CMakeFiles/CMakeTmp/CMAKE_TRY_COMPILE.build/Debug-iphoneos/cmTC_812ab.build/Objects-normal/armv7/CheckFunctionExists.o

Ld Debug/cmTC_812ab.app/cmTC_812ab normal armv7
    cd /Users/lucmichalski/local/golang/src/github.com/hellowod/u3d-plugins-development/NativePlugins/_builds/ios-11-0-dep-8-0-libcxx-hid-sections/CMakeFiles/CMakeTmp
    export IPHONEOS_DEPLOYMENT_TARGET=8.0
    export PATH="/Applications/Xcode-beta.app/Contents/Developer/Platforms/iPhoneOS.platform/Developer/usr/bin:/Applications/Xcode-beta.app/Contents/Developer/usr/bin:/usr/bin:/bin:/usr/sbin:/sbin:/usr/local/bin"
    /Applications/Xcode-beta.app/Contents/Developer/Toolchains/XcodeDefault.xctoolchain/usr/bin/clang -arch armv7 -isysroot /Applications/Xcode-beta.app/Contents/Developer/Platforms/iPhoneOS.platform/Developer/SDKs/iPhoneOS11.0.sdk -L/Users/lucmichalski/local/golang/src/github.com/hellowod/u3d-plugins-development/NativePlugins/_builds/ios-11-0-dep-8-0-libcxx-hid-sections/CMakeFiles/CMakeTmp/Debug -F/Users/lucmichalski/local/golang/src/github.com/hellowod/u3d-plugins-development/NativePlugins/_builds/ios-11-0-dep-8-0-libcxx-hid-sections/CMakeFiles/CMakeTmp/Debug -filelist /Users/lucmichalski/local/golang/src/github.com/hellowod/u3d-plugins-development/NativePlugins/_builds/ios-11-0-dep-8-0-libcxx-hid-sections/CMakeFiles/CMakeTmp/CMAKE_TRY_COMPILE.build/Debug-iphoneos/cmTC_812ab.build/Objects-normal/armv7/cmTC_812ab.LinkFileList -miphoneos-version-min=8.0 -dead_strip -Xlinker -object_path_lto -Xlinker /Users/lucmichalski/local/golang/src/github.com/hellowod/u3d-plugins-development/NativePlugins/_builds/ios-11-0-dep-8-0-libcxx-hid-sections/CMakeFiles/CMakeTmp/CMAKE_TRY_COMPILE.build/Debug-iphoneos/cmTC_812ab.build/Objects-normal/armv7/cmTC_812ab_lto.o -Xlinker -no_deduplicate -Wl,-headerpad_max_install_names -lrt -Xlinker -dependency_info -Xlinker /Users/lucmichalski/local/golang/src/github.com/hellowod/u3d-plugins-development/NativePlugins/_builds/ios-11-0-dep-8-0-libcxx-hid-sections/CMakeFiles/CMakeTmp/CMAKE_TRY_COMPILE.build/Debug-iphoneos/cmTC_812ab.build/Objects-normal/armv7/cmTC_812ab_dependency_info.dat -o /Users/lucmichalski/local/golang/src/github.com/hellowod/u3d-plugins-development/NativePlugins/_builds/ios-11-0-dep-8-0-libcxx-hid-sections/CMakeFiles/CMakeTmp/Debug/cmTC_812ab.app/cmTC_812ab
ld: library not found for -lrt
clang: error: linker command failed with exit code 1 (use -v to see invocation)

** BUILD FAILED **


The following build commands failed:
	Ld Debug/cmTC_812ab.app/cmTC_812ab normal armv7
(1 failure)


Determining if the function gethostbyname exists in the nsl failed with the following output:
Change Dir: /Users/lucmichalski/local/golang/src/github.com/hellowod/u3d-plugins-development/NativePlugins/_builds/ios-11-0-dep-8-0-libcxx-hid-sections/CMakeFiles/CMakeTmp

Run Build Command:"/usr/bin/xcodebuild" "-project" "CMAKE_TRY_COMPILE.xcodeproj" "build" "-target" "cmTC_35561" "-configuration" "Debug"
=== BUILD TARGET cmTC_35561 OF PROJECT CMAKE_TRY_COMPILE WITH CONFIGURATION Debug ===

Check dependencies

Write auxiliary files
/bin/mkdir -p /Users/lucmichalski/local/golang/src/github.com/hellowod/u3d-plugins-development/NativePlugins/_builds/ios-11-0-dep-8-0-libcxx-hid-sections/CMakeFiles/CMakeTmp/CMAKE_TRY_COMPILE.build/Debug-iphoneos/cmTC_35561.build/Objects-normal/armv7
write-file /Users/lucmichalski/local/golang/src/github.com/hellowod/u3d-plugins-development/NativePlugins/_builds/ios-11-0-dep-8-0-libcxx-hid-sections/CMakeFiles/CMakeTmp/CMAKE_TRY_COMPILE.build/Debug-iphoneos/cmTC_35561.build/Objects-normal/armv7/cmTC_35561.LinkFileList

Create product structure
/bin/mkdir -p /Users/lucmichalski/local/golang/src/github.com/hellowod/u3d-plugins-development/NativePlugins/_builds/ios-11-0-dep-8-0-libcxx-hid-sections/CMakeFiles/CMakeTmp/Debug/cmTC_35561.app

ProcessInfoPlistFile Debug/cmTC_35561.app/Info.plist CMakeFiles/cmTC_35561.dir/Info.plist
    cd /Users/lucmichalski/local/golang/src/github.com/hellowod/u3d-plugins-development/NativePlugins/_builds/ios-11-0-dep-8-0-libcxx-hid-sections/CMakeFiles/CMakeTmp
    export PATH="/Applications/Xcode-beta.app/Contents/Developer/Platforms/iPhoneOS.platform/Developer/usr/bin:/Applications/Xcode-beta.app/Contents/Developer/usr/bin:/usr/bin:/bin:/usr/sbin:/sbin:/usr/local/bin"
    builtin-infoPlistUtility /Users/lucmichalski/local/golang/src/github.com/hellowod/u3d-plugins-development/NativePlugins/_builds/ios-11-0-dep-8-0-libcxx-hid-sections/CMakeFiles/CMakeTmp/CMakeFiles/cmTC_35561.dir/Info.plist -genpkginfo /Users/lucmichalski/local/golang/src/github.com/hellowod/u3d-plugins-development/NativePlugins/_builds/ios-11-0-dep-8-0-libcxx-hid-sections/CMakeFiles/CMakeTmp/Debug/cmTC_35561.app/PkgInfo -expandbuildsettings -format binary -platform iphoneos -o /Users/lucmichalski/local/golang/src/github.com/hellowod/u3d-plugins-development/NativePlugins/_builds/ios-11-0-dep-8-0-libcxx-hid-sections/CMakeFiles/CMakeTmp/Debug/cmTC_35561.app/Info.plist

CompileC CMAKE_TRY_COMPILE.build/Debug-iphoneos/cmTC_35561.build/Objects-normal/armv7/CheckFunctionExists.o /usr/local/Cellar/cmake/3.9.0/share/cmake/Modules/CheckFunctionExists.c normal armv7 c com.apple.compilers.llvm.clang.1_0.compiler
    cd /Users/lucmichalski/local/golang/src/github.com/hellowod/u3d-plugins-development/NativePlugins/_builds/ios-11-0-dep-8-0-libcxx-hid-sections/CMakeFiles/CMakeTmp
    export LANG=en_US.US-ASCII
    export PATH="/Applications/Xcode-beta.app/Contents/Developer/Platforms/iPhoneOS.platform/Developer/usr/bin:/Applications/Xcode-beta.app/Contents/Developer/usr/bin:/usr/bin:/bin:/usr/sbin:/sbin:/usr/local/bin"
    /Applications/Xcode-beta.app/Contents/Developer/Toolchains/XcodeDefault.xctoolchain/usr/bin/clang -x c -arch armv7 -fmessage-length=0 -fdiagnostics-show-note-include-stack -fmacro-backtrace-limit=0 -Wno-trigraphs -fpascal-strings -O0 -Wno-missing-field-initializers -Wno-missing-prototypes -Wno-return-type -Wno-missing-braces -Wparentheses -Wswitch -Wno-unused-function -Wno-unused-label -Wno-unused-parameter -Wno-unused-variable -Wunused-value -Wno-empty-body -Wno-uninitialized -Wno-unknown-pragmas -Wno-shadow -Wno-four-char-constants -Wno-conversion -Wno-constant-conversion -Wno-int-conversion -Wno-bool-conversion -Wno-enum-conversion -Wno-float-conversion -Wno-non-literal-null-conversion -Wno-objc-literal-conversion -Wno-shorten-64-to-32 -Wpointer-sign -Wno-newline-eof -DCMAKE_INTDIR=\"Debug-iphoneos\" -isysroot /Applications/Xcode-beta.app/Contents/Developer/Platforms/iPhoneOS.platform/Developer/SDKs/iPhoneOS11.0.sdk -fstrict-aliasing -Wdeprecated-declarations -miphoneos-version-min=8.0 -g -Wno-sign-conversion -Wno-infinite-recursion -Wno-comma -Wno-block-capture-autoreleasing -Wno-strict-prototypes -I/Users/lucmichalski/local/golang/src/github.com/hellowod/u3d-plugins-development/NativePlugins/_builds/ios-11-0-dep-8-0-libcxx-hid-sections/CMakeFiles/CMakeTmp/Debug/include -I/Users/lucmichalski/local/golang/src/github.com/hellowod/u3d-plugins-development/NativePlugins/_builds/ios-11-0-dep-8-0-libcxx-hid-sections/CMakeFiles/CMakeTmp/CMAKE_TRY_COMPILE.build/Debug-iphoneos/cmTC_35561.build/DerivedSources/armv7 -I/Users/lucmichalski/local/golang/src/github.com/hellowod/u3d-plugins-development/NativePlugins/_builds/ios-11-0-dep-8-0-libcxx-hid-sections/CMakeFiles/CMakeTmp/CMAKE_TRY_COMPILE.build/Debug-iphoneos/cmTC_35561.build/DerivedSources -Wmost -Wno-four-char-constants -Wno-unknown-pragmas -F/Users/lucmichalski/local/golang/src/github.com/hellowod/u3d-plugins-development/NativePlugins/_builds/ios-11-0-dep-8-0-libcxx-hid-sections/CMakeFiles/CMakeTmp/Debug -fdata-sections -ffunction-sections -fvisibility=hidden -DCHECK_FUNCTION_EXISTS=gethostbyname -MMD -MT dependencies -MF /Users/lucmichalski/local/golang/src/github.com/hellowod/u3d-plugins-development/NativePlugins/_builds/ios-11-0-dep-8-0-libcxx-hid-sections/CMakeFiles/CMakeTmp/CMAKE_TRY_COMPILE.build/Debug-iphoneos/cmTC_35561.build/Objects-normal/armv7/CheckFunctionExists.d --serialize-diagnostics /Users/lucmichalski/local/golang/src/github.com/hellowod/u3d-plugins-development/NativePlugins/_builds/ios-11-0-dep-8-0-libcxx-hid-sections/CMakeFiles/CMakeTmp/CMAKE_TRY_COMPILE.build/Debug-iphoneos/cmTC_35561.build/Objects-normal/armv7/CheckFunctionExists.dia -c /usr/local/Cellar/cmake/3.9.0/share/cmake/Modules/CheckFunctionExists.c -o /Users/lucmichalski/local/golang/src/github.com/hellowod/u3d-plugins-development/NativePlugins/_builds/ios-11-0-dep-8-0-libcxx-hid-sections/CMakeFiles/CMakeTmp/CMAKE_TRY_COMPILE.build/Debug-iphoneos/cmTC_35561.build/Objects-normal/armv7/CheckFunctionExists.o

Ld Debug/cmTC_35561.app/cmTC_35561 normal armv7
    cd /Users/lucmichalski/local/golang/src/github.com/hellowod/u3d-plugins-development/NativePlugins/_builds/ios-11-0-dep-8-0-libcxx-hid-sections/CMakeFiles/CMakeTmp
    export IPHONEOS_DEPLOYMENT_TARGET=8.0
    export PATH="/Applications/Xcode-beta.app/Contents/Developer/Platforms/iPhoneOS.platform/Developer/usr/bin:/Applications/Xcode-beta.app/Contents/Developer/usr/bin:/usr/bin:/bin:/usr/sbin:/sbin:/usr/local/bin"
    /Applications/Xcode-beta.app/Contents/Developer/Toolchains/XcodeDefault.xctoolchain/usr/bin/clang -arch armv7 -isysroot /Applications/Xcode-beta.app/Contents/Developer/Platforms/iPhoneOS.platform/Developer/SDKs/iPhoneOS11.0.sdk -L/Users/lucmichalski/local/golang/src/github.com/hellowod/u3d-plugins-development/NativePlugins/_builds/ios-11-0-dep-8-0-libcxx-hid-sections/CMakeFiles/CMakeTmp/Debug -F/Users/lucmichalski/local/golang/src/github.com/hellowod/u3d-plugins-development/NativePlugins/_builds/ios-11-0-dep-8-0-libcxx-hid-sections/CMakeFiles/CMakeTmp/Debug -filelist /Users/lucmichalski/local/golang/src/github.com/hellowod/u3d-plugins-development/NativePlugins/_builds/ios-11-0-dep-8-0-libcxx-hid-sections/CMakeFiles/CMakeTmp/CMAKE_TRY_COMPILE.build/Debug-iphoneos/cmTC_35561.build/Objects-normal/armv7/cmTC_35561.LinkFileList -miphoneos-version-min=8.0 -dead_strip -Xlinker -object_path_lto -Xlinker /Users/lucmichalski/local/golang/src/github.com/hellowod/u3d-plugins-development/NativePlugins/_builds/ios-11-0-dep-8-0-libcxx-hid-sections/CMakeFiles/CMakeTmp/CMAKE_TRY_COMPILE.build/Debug-iphoneos/cmTC_35561.build/Objects-normal/armv7/cmTC_35561_lto.o -Xlinker -no_deduplicate -Wl,-headerpad_max_install_names -lnsl -Xlinker -dependency_info -Xlinker /Users/lucmichalski/local/golang/src/github.com/hellowod/u3d-plugins-development/NativePlugins/_builds/ios-11-0-dep-8-0-libcxx-hid-sections/CMakeFiles/CMakeTmp/CMAKE_TRY_COMPILE.build/Debug-iphoneos/cmTC_35561.build/Objects-normal/armv7/cmTC_35561_dependency_info.dat -o /Users/lucmichalski/local/golang/src/github.com/hellowod/u3d-plugins-development/NativePlugins/_builds/ios-11-0-dep-8-0-libcxx-hid-sections/CMakeFiles/CMakeTmp/Debug/cmTC_35561.app/cmTC_35561
ld: library not found for -lnsl
clang: error: linker command failed with exit code 1 (use -v to see invocation)

** BUILD FAILED **


The following build commands failed:
	Ld Debug/cmTC_35561.app/cmTC_35561 normal armv7
(1 failure)


Determining if the function socket exists in the socket failed with the following output:
Change Dir: /Users/lucmichalski/local/golang/src/github.com/hellowod/u3d-plugins-development/NativePlugins/_builds/ios-11-0-dep-8-0-libcxx-hid-sections/CMakeFiles/CMakeTmp

Run Build Command:"/usr/bin/xcodebuild" "-project" "CMAKE_TRY_COMPILE.xcodeproj" "build" "-target" "cmTC_e0d8d" "-configuration" "Debug"
=== BUILD TARGET cmTC_e0d8d OF PROJECT CMAKE_TRY_COMPILE WITH CONFIGURATION Debug ===

Check dependencies

Write auxiliary files
/bin/mkdir -p /Users/lucmichalski/local/golang/src/github.com/hellowod/u3d-plugins-development/NativePlugins/_builds/ios-11-0-dep-8-0-libcxx-hid-sections/CMakeFiles/CMakeTmp/CMAKE_TRY_COMPILE.build/Debug-iphoneos/cmTC_e0d8d.build/Objects-normal/armv7
write-file /Users/lucmichalski/local/golang/src/github.com/hellowod/u3d-plugins-development/NativePlugins/_builds/ios-11-0-dep-8-0-libcxx-hid-sections/CMakeFiles/CMakeTmp/CMAKE_TRY_COMPILE.build/Debug-iphoneos/cmTC_e0d8d.build/Objects-normal/armv7/cmTC_e0d8d.LinkFileList

Create product structure
/bin/mkdir -p /Users/lucmichalski/local/golang/src/github.com/hellowod/u3d-plugins-development/NativePlugins/_builds/ios-11-0-dep-8-0-libcxx-hid-sections/CMakeFiles/CMakeTmp/Debug/cmTC_e0d8d.app

ProcessInfoPlistFile Debug/cmTC_e0d8d.app/Info.plist CMakeFiles/cmTC_e0d8d.dir/Info.plist
    cd /Users/lucmichalski/local/golang/src/github.com/hellowod/u3d-plugins-development/NativePlugins/_builds/ios-11-0-dep-8-0-libcxx-hid-sections/CMakeFiles/CMakeTmp
    export PATH="/Applications/Xcode-beta.app/Contents/Developer/Platforms/iPhoneOS.platform/Developer/usr/bin:/Applications/Xcode-beta.app/Contents/Developer/usr/bin:/usr/bin:/bin:/usr/sbin:/sbin:/usr/local/bin"
    builtin-infoPlistUtility /Users/lucmichalski/local/golang/src/github.com/hellowod/u3d-plugins-development/NativePlugins/_builds/ios-11-0-dep-8-0-libcxx-hid-sections/CMakeFiles/CMakeTmp/CMakeFiles/cmTC_e0d8d.dir/Info.plist -genpkginfo /Users/lucmichalski/local/golang/src/github.com/hellowod/u3d-plugins-development/NativePlugins/_builds/ios-11-0-dep-8-0-libcxx-hid-sections/CMakeFiles/CMakeTmp/Debug/cmTC_e0d8d.app/PkgInfo -expandbuildsettings -format binary -platform iphoneos -o /Users/lucmichalski/local/golang/src/github.com/hellowod/u3d-plugins-development/NativePlugins/_builds/ios-11-0-dep-8-0-libcxx-hid-sections/CMakeFiles/CMakeTmp/Debug/cmTC_e0d8d.app/Info.plist

CompileC CMAKE_TRY_COMPILE.build/Debug-iphoneos/cmTC_e0d8d.build/Objects-normal/armv7/CheckFunctionExists.o /usr/local/Cellar/cmake/3.9.0/share/cmake/Modules/CheckFunctionExists.c normal armv7 c com.apple.compilers.llvm.clang.1_0.compiler
    cd /Users/lucmichalski/local/golang/src/github.com/hellowod/u3d-plugins-development/NativePlugins/_builds/ios-11-0-dep-8-0-libcxx-hid-sections/CMakeFiles/CMakeTmp
    export LANG=en_US.US-ASCII
    export PATH="/Applications/Xcode-beta.app/Contents/Developer/Platforms/iPhoneOS.platform/Developer/usr/bin:/Applications/Xcode-beta.app/Contents/Developer/usr/bin:/usr/bin:/bin:/usr/sbin:/sbin:/usr/local/bin"
    /Applications/Xcode-beta.app/Contents/Developer/Toolchains/XcodeDefault.xctoolchain/usr/bin/clang -x c -arch armv7 -fmessage-length=0 -fdiagnostics-show-note-include-stack -fmacro-backtrace-limit=0 -Wno-trigraphs -fpascal-strings -O0 -Wno-missing-field-initializers -Wno-missing-prototypes -Wno-return-type -Wno-missing-braces -Wparentheses -Wswitch -Wno-unused-function -Wno-unused-label -Wno-unused-parameter -Wno-unused-variable -Wunused-value -Wno-empty-body -Wno-uninitialized -Wno-unknown-pragmas -Wno-shadow -Wno-four-char-constants -Wno-conversion -Wno-constant-conversion -Wno-int-conversion -Wno-bool-conversion -Wno-enum-conversion -Wno-float-conversion -Wno-non-literal-null-conversion -Wno-objc-literal-conversion -Wno-shorten-64-to-32 -Wpointer-sign -Wno-newline-eof -DCMAKE_INTDIR=\"Debug-iphoneos\" -isysroot /Applications/Xcode-beta.app/Contents/Developer/Platforms/iPhoneOS.platform/Developer/SDKs/iPhoneOS11.0.sdk -fstrict-aliasing -Wdeprecated-declarations -miphoneos-version-min=8.0 -g -Wno-sign-conversion -Wno-infinite-recursion -Wno-comma -Wno-block-capture-autoreleasing -Wno-strict-prototypes -I/Users/lucmichalski/local/golang/src/github.com/hellowod/u3d-plugins-development/NativePlugins/_builds/ios-11-0-dep-8-0-libcxx-hid-sections/CMakeFiles/CMakeTmp/Debug/include -I/Users/lucmichalski/local/golang/src/github.com/hellowod/u3d-plugins-development/NativePlugins/_builds/ios-11-0-dep-8-0-libcxx-hid-sections/CMakeFiles/CMakeTmp/CMAKE_TRY_COMPILE.build/Debug-iphoneos/cmTC_e0d8d.build/DerivedSources/armv7 -I/Users/lucmichalski/local/golang/src/github.com/hellowod/u3d-plugins-development/NativePlugins/_builds/ios-11-0-dep-8-0-libcxx-hid-sections/CMakeFiles/CMakeTmp/CMAKE_TRY_COMPILE.build/Debug-iphoneos/cmTC_e0d8d.build/DerivedSources -Wmost -Wno-four-char-constants -Wno-unknown-pragmas -F/Users/lucmichalski/local/golang/src/github.com/hellowod/u3d-plugins-development/NativePlugins/_builds/ios-11-0-dep-8-0-libcxx-hid-sections/CMakeFiles/CMakeTmp/Debug -fdata-sections -ffunction-sections -fvisibility=hidden -DCHECK_FUNCTION_EXISTS=socket -MMD -MT dependencies -MF /Users/lucmichalski/local/golang/src/github.com/hellowod/u3d-plugins-development/NativePlugins/_builds/ios-11-0-dep-8-0-libcxx-hid-sections/CMakeFiles/CMakeTmp/CMAKE_TRY_COMPILE.build/Debug-iphoneos/cmTC_e0d8d.build/Objects-normal/armv7/CheckFunctionExists.d --serialize-diagnostics /Users/lucmichalski/local/golang/src/github.com/hellowod/u3d-plugins-development/NativePlugins/_builds/ios-11-0-dep-8-0-libcxx-hid-sections/CMakeFiles/CMakeTmp/CMAKE_TRY_COMPILE.build/Debug-iphoneos/cmTC_e0d8d.build/Objects-normal/armv7/CheckFunctionExists.dia -c /usr/local/Cellar/cmake/3.9.0/share/cmake/Modules/CheckFunctionExists.c -o /Users/lucmichalski/local/golang/src/github.com/hellowod/u3d-plugins-development/NativePlugins/_builds/ios-11-0-dep-8-0-libcxx-hid-sections/CMakeFiles/CMakeTmp/CMAKE_TRY_COMPILE.build/Debug-iphoneos/cmTC_e0d8d.build/Objects-normal/armv7/CheckFunctionExists.o

Ld Debug/cmTC_e0d8d.app/cmTC_e0d8d normal armv7
    cd /Users/lucmichalski/local/golang/src/github.com/hellowod/u3d-plugins-development/NativePlugins/_builds/ios-11-0-dep-8-0-libcxx-hid-sections/CMakeFiles/CMakeTmp
    export IPHONEOS_DEPLOYMENT_TARGET=8.0
    export PATH="/Applications/Xcode-beta.app/Contents/Developer/Platforms/iPhoneOS.platform/Developer/usr/bin:/Applications/Xcode-beta.app/Contents/Developer/usr/bin:/usr/bin:/bin:/usr/sbin:/sbin:/usr/local/bin"
    /Applications/Xcode-beta.app/Contents/Developer/Toolchains/XcodeDefault.xctoolchain/usr/bin/clang -arch armv7 -isysroot /Applications/Xcode-beta.app/Contents/Developer/Platforms/iPhoneOS.platform/Developer/SDKs/iPhoneOS11.0.sdk -L/Users/lucmichalski/local/golang/src/github.com/hellowod/u3d-plugins-development/NativePlugins/_builds/ios-11-0-dep-8-0-libcxx-hid-sections/CMakeFiles/CMakeTmp/Debug -F/Users/lucmichalski/local/golang/src/github.com/hellowod/u3d-plugins-development/NativePlugins/_builds/ios-11-0-dep-8-0-libcxx-hid-sections/CMakeFiles/CMakeTmp/Debug -filelist /Users/lucmichalski/local/golang/src/github.com/hellowod/u3d-plugins-development/NativePlugins/_builds/ios-11-0-dep-8-0-libcxx-hid-sections/CMakeFiles/CMakeTmp/CMAKE_TRY_COMPILE.build/Debug-iphoneos/cmTC_e0d8d.build/Objects-normal/armv7/cmTC_e0d8d.LinkFileList -miphoneos-version-min=8.0 -dead_strip -Xlinker -object_path_lto -Xlinker /Users/lucmichalski/local/golang/src/github.com/hellowod/u3d-plugins-development/NativePlugins/_builds/ios-11-0-dep-8-0-libcxx-hid-sections/CMakeFiles/CMakeTmp/CMAKE_TRY_COMPILE.build/Debug-iphoneos/cmTC_e0d8d.build/Objects-normal/armv7/cmTC_e0d8d_lto.o -Xlinker -no_deduplicate -Wl,-headerpad_max_install_names -lsocket -Xlinker -dependency_info -Xlinker /Users/lucmichalski/local/golang/src/github.com/hellowod/u3d-plugins-development/NativePlugins/_builds/ios-11-0-dep-8-0-libcxx-hid-sections/CMakeFiles/CMakeTmp/CMAKE_TRY_COMPILE.build/Debug-iphoneos/cmTC_e0d8d.build/Objects-normal/armv7/cmTC_e0d8d_dependency_info.dat -o /Users/lucmichalski/local/golang/src/github.com/hellowod/u3d-plugins-development/NativePlugins/_builds/ios-11-0-dep-8-0-libcxx-hid-sections/CMakeFiles/CMakeTmp/Debug/cmTC_e0d8d.app/cmTC_e0d8d
ld: library not found for -lsocket
clang: error: linker command failed with exit code 1 (use -v to see invocation)

** BUILD FAILED **


The following build commands failed:
	Ld Debug/cmTC_e0d8d.app/cmTC_e0d8d normal armv7
(1 failure)


