The system is: Darwin - 16.7.0 - x86_64
Compiling the C compiler identification source file "CMakeCCompilerId.c" succeeded.
Compiler: /Applications/Xcode-beta.app/Contents/Developer/Toolchains/XcodeDefault.xctoolchain/usr/bin/cc 
Build flags: 
Id flags:  

The output was:
0


Compilation of the C compiler identification source "CMakeCCompilerId.c" produced "a.out"

The C compiler identification is AppleClang, found in "/Users/lucmichalski/local/golang/src/github.com/hellowod/u3d-plugins-development/NativePlugins/_builds/ios-11-0-dep-8-0-libcxx-hid-sections/_3rdParty/Hunter/host-build-binary-tree/cmake/host/CMakeFiles/3.9.0/CompilerIdC/a.out"

Compiling the CXX compiler identification source file "CMakeCXXCompilerId.cpp" succeeded.
Compiler: /Applications/Xcode-beta.app/Contents/Developer/Toolchains/XcodeDefault.xctoolchain/usr/bin/c++ 
Build flags: 
Id flags:  

The output was:
0


Compilation of the CXX compiler identification source "CMakeCXXCompilerId.cpp" produced "a.out"

The CXX compiler identification is AppleClang, found in "/Users/lucmichalski/local/golang/src/github.com/hellowod/u3d-plugins-development/NativePlugins/_builds/ios-11-0-dep-8-0-libcxx-hid-sections/_3rdParty/Hunter/host-build-binary-tree/cmake/host/CMakeFiles/3.9.0/CompilerIdCXX/a.out"

Determining if the C compiler works passed with the following output:
Change Dir: /Users/lucmichalski/local/golang/src/github.com/hellowod/u3d-plugins-development/NativePlugins/_builds/ios-11-0-dep-8-0-libcxx-hid-sections/_3rdParty/Hunter/host-build-binary-tree/cmake/host/CMakeFiles/CMakeTmp

Run Build Command:"/usr/bin/make" "cmTC_2a6e8/fast"
/Applications/Xcode-beta.app/Contents/Developer/usr/bin/make -f CMakeFiles/cmTC_2a6e8.dir/build.make CMakeFiles/cmTC_2a6e8.dir/build
Building C object CMakeFiles/cmTC_2a6e8.dir/testCCompiler.c.o
/Applications/Xcode-beta.app/Contents/Developer/Toolchains/XcodeDefault.xctoolchain/usr/bin/cc    -o CMakeFiles/cmTC_2a6e8.dir/testCCompiler.c.o   -c /Users/lucmichalski/local/golang/src/github.com/hellowod/u3d-plugins-development/NativePlugins/_builds/ios-11-0-dep-8-0-libcxx-hid-sections/_3rdParty/Hunter/host-build-binary-tree/cmake/host/CMakeFiles/CMakeTmp/testCCompiler.c
Linking C executable cmTC_2a6e8
/usr/local/Cellar/cmake/3.9.0/bin/cmake -E cmake_link_script CMakeFiles/cmTC_2a6e8.dir/link.txt --verbose=1
/Applications/Xcode-beta.app/Contents/Developer/Toolchains/XcodeDefault.xctoolchain/usr/bin/cc   -Wl,-search_paths_first -Wl,-headerpad_max_install_names   CMakeFiles/cmTC_2a6e8.dir/testCCompiler.c.o  -o cmTC_2a6e8 


Detecting C compiler ABI info compiled with the following output:
Change Dir: /Users/lucmichalski/local/golang/src/github.com/hellowod/u3d-plugins-development/NativePlugins/_builds/ios-11-0-dep-8-0-libcxx-hid-sections/_3rdParty/Hunter/host-build-binary-tree/cmake/host/CMakeFiles/CMakeTmp

Run Build Command:"/usr/bin/make" "cmTC_5e7b6/fast"
/Applications/Xcode-beta.app/Contents/Developer/usr/bin/make -f CMakeFiles/cmTC_5e7b6.dir/build.make CMakeFiles/cmTC_5e7b6.dir/build
Building C object CMakeFiles/cmTC_5e7b6.dir/CMakeCCompilerABI.c.o
/Applications/Xcode-beta.app/Contents/Developer/Toolchains/XcodeDefault.xctoolchain/usr/bin/cc    -o CMakeFiles/cmTC_5e7b6.dir/CMakeCCompilerABI.c.o   -c /usr/local/Cellar/cmake/3.9.0/share/cmake/Modules/CMakeCCompilerABI.c
Linking C executable cmTC_5e7b6
/usr/local/Cellar/cmake/3.9.0/bin/cmake -E cmake_link_script CMakeFiles/cmTC_5e7b6.dir/link.txt --verbose=1
/Applications/Xcode-beta.app/Contents/Developer/Toolchains/XcodeDefault.xctoolchain/usr/bin/cc   -Wl,-search_paths_first -Wl,-headerpad_max_install_names  -v -Wl,-v CMakeFiles/cmTC_5e7b6.dir/CMakeCCompilerABI.c.o  -o cmTC_5e7b6 
Apple LLVM version 9.0.0 (clang-900.0.31)
Target: x86_64-apple-darwin16.7.0
Thread model: posix
InstalledDir: /Applications/Xcode-beta.app/Contents/Developer/Toolchains/XcodeDefault.xctoolchain/usr/bin
 "/Applications/Xcode-beta.app/Contents/Developer/Toolchains/XcodeDefault.xctoolchain/usr/bin/ld" -demangle -lto_library /Applications/Xcode-beta.app/Contents/Developer/Toolchains/XcodeDefault.xctoolchain/usr/lib/libLTO.dylib -dynamic -arch x86_64 -macosx_version_min 10.12.0 -o cmTC_5e7b6 -search_paths_first -headerpad_max_install_names -v CMakeFiles/cmTC_5e7b6.dir/CMakeCCompilerABI.c.o -lSystem /Applications/Xcode-beta.app/Contents/Developer/Toolchains/XcodeDefault.xctoolchain/usr/lib/clang/9.0.0/lib/darwin/libclang_rt.osx.a
@(#)PROGRAM:ld  PROJECT:ld64-302.2
configured to support archs: armv6 armv7 armv7s arm64 i386 x86_64 x86_64h armv6m armv7k armv7m armv7em (tvOS)
Library search paths:
	/usr/lib
	/usr/local/lib
Framework search paths:
	/Library/Frameworks/
	/System/Library/Frameworks/


Parsed C implicit link information from above output:
  link line regex: [^( *|.*[/\])(ld|CMAKE_LINK_STARTFILE-NOTFOUND|([^/\]+-)?ld|collect2)[^/\]*( |$)]
  ignore line: [Change Dir: /Users/lucmichalski/local/golang/src/github.com/hellowod/u3d-plugins-development/NativePlugins/_builds/ios-11-0-dep-8-0-libcxx-hid-sections/_3rdParty/Hunter/host-build-binary-tree/cmake/host/CMakeFiles/CMakeTmp]
  ignore line: []
  ignore line: [Run Build Command:"/usr/bin/make" "cmTC_5e7b6/fast"]
  ignore line: [/Applications/Xcode-beta.app/Contents/Developer/usr/bin/make -f CMakeFiles/cmTC_5e7b6.dir/build.make CMakeFiles/cmTC_5e7b6.dir/build]
  ignore line: [Building C object CMakeFiles/cmTC_5e7b6.dir/CMakeCCompilerABI.c.o]
  ignore line: [/Applications/Xcode-beta.app/Contents/Developer/Toolchains/XcodeDefault.xctoolchain/usr/bin/cc    -o CMakeFiles/cmTC_5e7b6.dir/CMakeCCompilerABI.c.o   -c /usr/local/Cellar/cmake/3.9.0/share/cmake/Modules/CMakeCCompilerABI.c]
  ignore line: [Linking C executable cmTC_5e7b6]
  ignore line: [/usr/local/Cellar/cmake/3.9.0/bin/cmake -E cmake_link_script CMakeFiles/cmTC_5e7b6.dir/link.txt --verbose=1]
  ignore line: [/Applications/Xcode-beta.app/Contents/Developer/Toolchains/XcodeDefault.xctoolchain/usr/bin/cc   -Wl,-search_paths_first -Wl,-headerpad_max_install_names  -v -Wl,-v CMakeFiles/cmTC_5e7b6.dir/CMakeCCompilerABI.c.o  -o cmTC_5e7b6 ]
  ignore line: [Apple LLVM version 9.0.0 (clang-900.0.31)]
  ignore line: [Target: x86_64-apple-darwin16.7.0]
  ignore line: [Thread model: posix]
  ignore line: [InstalledDir: /Applications/Xcode-beta.app/Contents/Developer/Toolchains/XcodeDefault.xctoolchain/usr/bin]
  link line: [ "/Applications/Xcode-beta.app/Contents/Developer/Toolchains/XcodeDefault.xctoolchain/usr/bin/ld" -demangle -lto_library /Applications/Xcode-beta.app/Contents/Developer/Toolchains/XcodeDefault.xctoolchain/usr/lib/libLTO.dylib -dynamic -arch x86_64 -macosx_version_min 10.12.0 -o cmTC_5e7b6 -search_paths_first -headerpad_max_install_names -v CMakeFiles/cmTC_5e7b6.dir/CMakeCCompilerABI.c.o -lSystem /Applications/Xcode-beta.app/Contents/Developer/Toolchains/XcodeDefault.xctoolchain/usr/lib/clang/9.0.0/lib/darwin/libclang_rt.osx.a]
    arg [/Applications/Xcode-beta.app/Contents/Developer/Toolchains/XcodeDefault.xctoolchain/usr/bin/ld] ==> ignore
    arg [-demangle] ==> ignore
    arg [-lto_library] ==> ignore, skip following value
    arg [/Applications/Xcode-beta.app/Contents/Developer/Toolchains/XcodeDefault.xctoolchain/usr/lib/libLTO.dylib] ==> skip value of -lto_library
    arg [-dynamic] ==> ignore
    arg [-arch] ==> ignore
    arg [x86_64] ==> ignore
    arg [-macosx_version_min] ==> ignore
    arg [10.12.0] ==> ignore
    arg [-o] ==> ignore
    arg [cmTC_5e7b6] ==> ignore
    arg [-search_paths_first] ==> ignore
    arg [-headerpad_max_install_names] ==> ignore
    arg [-v] ==> ignore
    arg [CMakeFiles/cmTC_5e7b6.dir/CMakeCCompilerABI.c.o] ==> ignore
    arg [-lSystem] ==> lib [System]
    arg [/Applications/Xcode-beta.app/Contents/Developer/Toolchains/XcodeDefault.xctoolchain/usr/lib/clang/9.0.0/lib/darwin/libclang_rt.osx.a] ==> lib [/Applications/Xcode-beta.app/Contents/Developer/Toolchains/XcodeDefault.xctoolchain/usr/lib/clang/9.0.0/lib/darwin/libclang_rt.osx.a]
  Library search paths: [;/usr/lib;/usr/local/lib]
  Framework search paths: [;/Library/Frameworks/;/System/Library/Frameworks/]
  remove lib [System]
  remove lib [/Applications/Xcode-beta.app/Contents/Developer/Toolchains/XcodeDefault.xctoolchain/usr/lib/clang/9.0.0/lib/darwin/libclang_rt.osx.a]
  collapse library dir [/usr/lib] ==> [/usr/lib]
  collapse library dir [/usr/local/lib] ==> [/usr/local/lib]
  collapse framework dir [/Library/Frameworks/] ==> [/Library/Frameworks]
  collapse framework dir [/System/Library/Frameworks/] ==> [/System/Library/Frameworks]
  implicit libs: []
  implicit dirs: [/usr/lib;/usr/local/lib]
  implicit fwks: [/Library/Frameworks;/System/Library/Frameworks]




Detecting C [-std=c11] compiler features compiled with the following output:
Change Dir: /Users/lucmichalski/local/golang/src/github.com/hellowod/u3d-plugins-development/NativePlugins/_builds/ios-11-0-dep-8-0-libcxx-hid-sections/_3rdParty/Hunter/host-build-binary-tree/cmake/host/CMakeFiles/CMakeTmp

Run Build Command:"/usr/bin/make" "cmTC_0f546/fast"
/Applications/Xcode-beta.app/Contents/Developer/usr/bin/make -f CMakeFiles/cmTC_0f546.dir/build.make CMakeFiles/cmTC_0f546.dir/build
Building C object CMakeFiles/cmTC_0f546.dir/feature_tests.c.o
/Applications/Xcode-beta.app/Contents/Developer/Toolchains/XcodeDefault.xctoolchain/usr/bin/cc   -std=c11 -o CMakeFiles/cmTC_0f546.dir/feature_tests.c.o   -c /Users/lucmichalski/local/golang/src/github.com/hellowod/u3d-plugins-development/NativePlugins/_builds/ios-11-0-dep-8-0-libcxx-hid-sections/_3rdParty/Hunter/host-build-binary-tree/cmake/host/CMakeFiles/feature_tests.c
Linking C executable cmTC_0f546
/usr/local/Cellar/cmake/3.9.0/bin/cmake -E cmake_link_script CMakeFiles/cmTC_0f546.dir/link.txt --verbose=1
/Applications/Xcode-beta.app/Contents/Developer/Toolchains/XcodeDefault.xctoolchain/usr/bin/cc   -Wl,-search_paths_first -Wl,-headerpad_max_install_names   CMakeFiles/cmTC_0f546.dir/feature_tests.c.o  -o cmTC_0f546 


    Feature record: C_FEATURE:1c_function_prototypes
    Feature record: C_FEATURE:1c_restrict
    Feature record: C_FEATURE:1c_static_assert
    Feature record: C_FEATURE:1c_variadic_macros


Detecting C [-std=c99] compiler features compiled with the following output:
Change Dir: /Users/lucmichalski/local/golang/src/github.com/hellowod/u3d-plugins-development/NativePlugins/_builds/ios-11-0-dep-8-0-libcxx-hid-sections/_3rdParty/Hunter/host-build-binary-tree/cmake/host/CMakeFiles/CMakeTmp

Run Build Command:"/usr/bin/make" "cmTC_3b774/fast"
/Applications/Xcode-beta.app/Contents/Developer/usr/bin/make -f CMakeFiles/cmTC_3b774.dir/build.make CMakeFiles/cmTC_3b774.dir/build
Building C object CMakeFiles/cmTC_3b774.dir/feature_tests.c.o
/Applications/Xcode-beta.app/Contents/Developer/Toolchains/XcodeDefault.xctoolchain/usr/bin/cc   -std=c99 -o CMakeFiles/cmTC_3b774.dir/feature_tests.c.o   -c /Users/lucmichalski/local/golang/src/github.com/hellowod/u3d-plugins-development/NativePlugins/_builds/ios-11-0-dep-8-0-libcxx-hid-sections/_3rdParty/Hunter/host-build-binary-tree/cmake/host/CMakeFiles/feature_tests.c
Linking C executable cmTC_3b774
/usr/local/Cellar/cmake/3.9.0/bin/cmake -E cmake_link_script CMakeFiles/cmTC_3b774.dir/link.txt --verbose=1
/Applications/Xcode-beta.app/Contents/Developer/Toolchains/XcodeDefault.xctoolchain/usr/bin/cc   -Wl,-search_paths_first -Wl,-headerpad_max_install_names   CMakeFiles/cmTC_3b774.dir/feature_tests.c.o  -o cmTC_3b774 


    Feature record: C_FEATURE:1c_function_prototypes
    Feature record: C_FEATURE:1c_restrict
    Feature record: C_FEATURE:0c_static_assert
    Feature record: C_FEATURE:1c_variadic_macros


Detecting C [-std=c90] compiler features compiled with the following output:
Change Dir: /Users/lucmichalski/local/golang/src/github.com/hellowod/u3d-plugins-development/NativePlugins/_builds/ios-11-0-dep-8-0-libcxx-hid-sections/_3rdParty/Hunter/host-build-binary-tree/cmake/host/CMakeFiles/CMakeTmp

Run Build Command:"/usr/bin/make" "cmTC_730c3/fast"
/Applications/Xcode-beta.app/Contents/Developer/usr/bin/make -f CMakeFiles/cmTC_730c3.dir/build.make CMakeFiles/cmTC_730c3.dir/build
Building C object CMakeFiles/cmTC_730c3.dir/feature_tests.c.o
/Applications/Xcode-beta.app/Contents/Developer/Toolchains/XcodeDefault.xctoolchain/usr/bin/cc   -std=c90 -o CMakeFiles/cmTC_730c3.dir/feature_tests.c.o   -c /Users/lucmichalski/local/golang/src/github.com/hellowod/u3d-plugins-development/NativePlugins/_builds/ios-11-0-dep-8-0-libcxx-hid-sections/_3rdParty/Hunter/host-build-binary-tree/cmake/host/CMakeFiles/feature_tests.c
Linking C executable cmTC_730c3
/usr/local/Cellar/cmake/3.9.0/bin/cmake -E cmake_link_script CMakeFiles/cmTC_730c3.dir/link.txt --verbose=1
/Applications/Xcode-beta.app/Contents/Developer/Toolchains/XcodeDefault.xctoolchain/usr/bin/cc   -Wl,-search_paths_first -Wl,-headerpad_max_install_names   CMakeFiles/cmTC_730c3.dir/feature_tests.c.o  -o cmTC_730c3 


    Feature record: C_FEATURE:1c_function_prototypes
    Feature record: C_FEATURE:0c_restrict
    Feature record: C_FEATURE:0c_static_assert
    Feature record: C_FEATURE:0c_variadic_macros
Determining if the CXX compiler works passed with the following output:
Change Dir: /Users/lucmichalski/local/golang/src/github.com/hellowod/u3d-plugins-development/NativePlugins/_builds/ios-11-0-dep-8-0-libcxx-hid-sections/_3rdParty/Hunter/host-build-binary-tree/cmake/host/CMakeFiles/CMakeTmp

Run Build Command:"/usr/bin/make" "cmTC_e6d42/fast"
/Applications/Xcode-beta.app/Contents/Developer/usr/bin/make -f CMakeFiles/cmTC_e6d42.dir/build.make CMakeFiles/cmTC_e6d42.dir/build
Building CXX object CMakeFiles/cmTC_e6d42.dir/testCXXCompiler.cxx.o
/Applications/Xcode-beta.app/Contents/Developer/Toolchains/XcodeDefault.xctoolchain/usr/bin/c++     -o CMakeFiles/cmTC_e6d42.dir/testCXXCompiler.cxx.o -c /Users/lucmichalski/local/golang/src/github.com/hellowod/u3d-plugins-development/NativePlugins/_builds/ios-11-0-dep-8-0-libcxx-hid-sections/_3rdParty/Hunter/host-build-binary-tree/cmake/host/CMakeFiles/CMakeTmp/testCXXCompiler.cxx
Linking CXX executable cmTC_e6d42
/usr/local/Cellar/cmake/3.9.0/bin/cmake -E cmake_link_script CMakeFiles/cmTC_e6d42.dir/link.txt --verbose=1
/Applications/Xcode-beta.app/Contents/Developer/Toolchains/XcodeDefault.xctoolchain/usr/bin/c++    -Wl,-search_paths_first -Wl,-headerpad_max_install_names   CMakeFiles/cmTC_e6d42.dir/testCXXCompiler.cxx.o  -o cmTC_e6d42 


Detecting CXX compiler ABI info compiled with the following output:
Change Dir: /Users/lucmichalski/local/golang/src/github.com/hellowod/u3d-plugins-development/NativePlugins/_builds/ios-11-0-dep-8-0-libcxx-hid-sections/_3rdParty/Hunter/host-build-binary-tree/cmake/host/CMakeFiles/CMakeTmp

Run Build Command:"/usr/bin/make" "cmTC_d9e46/fast"
/Applications/Xcode-beta.app/Contents/Developer/usr/bin/make -f CMakeFiles/cmTC_d9e46.dir/build.make CMakeFiles/cmTC_d9e46.dir/build
Building CXX object CMakeFiles/cmTC_d9e46.dir/CMakeCXXCompilerABI.cpp.o
/Applications/Xcode-beta.app/Contents/Developer/Toolchains/XcodeDefault.xctoolchain/usr/bin/c++     -o CMakeFiles/cmTC_d9e46.dir/CMakeCXXCompilerABI.cpp.o -c /usr/local/Cellar/cmake/3.9.0/share/cmake/Modules/CMakeCXXCompilerABI.cpp
Linking CXX executable cmTC_d9e46
/usr/local/Cellar/cmake/3.9.0/bin/cmake -E cmake_link_script CMakeFiles/cmTC_d9e46.dir/link.txt --verbose=1
/Applications/Xcode-beta.app/Contents/Developer/Toolchains/XcodeDefault.xctoolchain/usr/bin/c++    -Wl,-search_paths_first -Wl,-headerpad_max_install_names  -v -Wl,-v CMakeFiles/cmTC_d9e46.dir/CMakeCXXCompilerABI.cpp.o  -o cmTC_d9e46 
Apple LLVM version 9.0.0 (clang-900.0.31)
Target: x86_64-apple-darwin16.7.0
Thread model: posix
InstalledDir: /Applications/Xcode-beta.app/Contents/Developer/Toolchains/XcodeDefault.xctoolchain/usr/bin
 "/Applications/Xcode-beta.app/Contents/Developer/Toolchains/XcodeDefault.xctoolchain/usr/bin/ld" -demangle -lto_library /Applications/Xcode-beta.app/Contents/Developer/Toolchains/XcodeDefault.xctoolchain/usr/lib/libLTO.dylib -dynamic -arch x86_64 -macosx_version_min 10.12.0 -o cmTC_d9e46 -search_paths_first -headerpad_max_install_names -v CMakeFiles/cmTC_d9e46.dir/CMakeCXXCompilerABI.cpp.o -lc++ -lSystem /Applications/Xcode-beta.app/Contents/Developer/Toolchains/XcodeDefault.xctoolchain/usr/lib/clang/9.0.0/lib/darwin/libclang_rt.osx.a
@(#)PROGRAM:ld  PROJECT:ld64-302.2
configured to support archs: armv6 armv7 armv7s arm64 i386 x86_64 x86_64h armv6m armv7k armv7m armv7em (tvOS)
Library search paths:
	/usr/lib
	/usr/local/lib
Framework search paths:
	/Library/Frameworks/
	/System/Library/Frameworks/


Parsed CXX implicit link information from above output:
  link line regex: [^( *|.*[/\])(ld|CMAKE_LINK_STARTFILE-NOTFOUND|([^/\]+-)?ld|collect2)[^/\]*( |$)]
  ignore line: [Change Dir: /Users/lucmichalski/local/golang/src/github.com/hellowod/u3d-plugins-development/NativePlugins/_builds/ios-11-0-dep-8-0-libcxx-hid-sections/_3rdParty/Hunter/host-build-binary-tree/cmake/host/CMakeFiles/CMakeTmp]
  ignore line: []
  ignore line: [Run Build Command:"/usr/bin/make" "cmTC_d9e46/fast"]
  ignore line: [/Applications/Xcode-beta.app/Contents/Developer/usr/bin/make -f CMakeFiles/cmTC_d9e46.dir/build.make CMakeFiles/cmTC_d9e46.dir/build]
  ignore line: [Building CXX object CMakeFiles/cmTC_d9e46.dir/CMakeCXXCompilerABI.cpp.o]
  ignore line: [/Applications/Xcode-beta.app/Contents/Developer/Toolchains/XcodeDefault.xctoolchain/usr/bin/c++     -o CMakeFiles/cmTC_d9e46.dir/CMakeCXXCompilerABI.cpp.o -c /usr/local/Cellar/cmake/3.9.0/share/cmake/Modules/CMakeCXXCompilerABI.cpp]
  ignore line: [Linking CXX executable cmTC_d9e46]
  ignore line: [/usr/local/Cellar/cmake/3.9.0/bin/cmake -E cmake_link_script CMakeFiles/cmTC_d9e46.dir/link.txt --verbose=1]
  ignore line: [/Applications/Xcode-beta.app/Contents/Developer/Toolchains/XcodeDefault.xctoolchain/usr/bin/c++    -Wl,-search_paths_first -Wl,-headerpad_max_install_names  -v -Wl,-v CMakeFiles/cmTC_d9e46.dir/CMakeCXXCompilerABI.cpp.o  -o cmTC_d9e46 ]
  ignore line: [Apple LLVM version 9.0.0 (clang-900.0.31)]
  ignore line: [Target: x86_64-apple-darwin16.7.0]
  ignore line: [Thread model: posix]
  ignore line: [InstalledDir: /Applications/Xcode-beta.app/Contents/Developer/Toolchains/XcodeDefault.xctoolchain/usr/bin]
  link line: [ "/Applications/Xcode-beta.app/Contents/Developer/Toolchains/XcodeDefault.xctoolchain/usr/bin/ld" -demangle -lto_library /Applications/Xcode-beta.app/Contents/Developer/Toolchains/XcodeDefault.xctoolchain/usr/lib/libLTO.dylib -dynamic -arch x86_64 -macosx_version_min 10.12.0 -o cmTC_d9e46 -search_paths_first -headerpad_max_install_names -v CMakeFiles/cmTC_d9e46.dir/CMakeCXXCompilerABI.cpp.o -lc++ -lSystem /Applications/Xcode-beta.app/Contents/Developer/Toolchains/XcodeDefault.xctoolchain/usr/lib/clang/9.0.0/lib/darwin/libclang_rt.osx.a]
    arg [/Applications/Xcode-beta.app/Contents/Developer/Toolchains/XcodeDefault.xctoolchain/usr/bin/ld] ==> ignore
    arg [-demangle] ==> ignore
    arg [-lto_library] ==> ignore, skip following value
    arg [/Applications/Xcode-beta.app/Contents/Developer/Toolchains/XcodeDefault.xctoolchain/usr/lib/libLTO.dylib] ==> skip value of -lto_library
    arg [-dynamic] ==> ignore
    arg [-arch] ==> ignore
    arg [x86_64] ==> ignore
    arg [-macosx_version_min] ==> ignore
    arg [10.12.0] ==> ignore
    arg [-o] ==> ignore
    arg [cmTC_d9e46] ==> ignore
    arg [-search_paths_first] ==> ignore
    arg [-headerpad_max_install_names] ==> ignore
    arg [-v] ==> ignore
    arg [CMakeFiles/cmTC_d9e46.dir/CMakeCXXCompilerABI.cpp.o] ==> ignore
    arg [-lc++] ==> lib [c++]
    arg [-lSystem] ==> lib [System]
    arg [/Applications/Xcode-beta.app/Contents/Developer/Toolchains/XcodeDefault.xctoolchain/usr/lib/clang/9.0.0/lib/darwin/libclang_rt.osx.a] ==> lib [/Applications/Xcode-beta.app/Contents/Developer/Toolchains/XcodeDefault.xctoolchain/usr/lib/clang/9.0.0/lib/darwin/libclang_rt.osx.a]
  Library search paths: [;/usr/lib;/usr/local/lib]
  Framework search paths: [;/Library/Frameworks/;/System/Library/Frameworks/]
  remove lib [System]
  remove lib [/Applications/Xcode-beta.app/Contents/Developer/Toolchains/XcodeDefault.xctoolchain/usr/lib/clang/9.0.0/lib/darwin/libclang_rt.osx.a]
  collapse library dir [/usr/lib] ==> [/usr/lib]
  collapse library dir [/usr/local/lib] ==> [/usr/local/lib]
  collapse framework dir [/Library/Frameworks/] ==> [/Library/Frameworks]
  collapse framework dir [/System/Library/Frameworks/] ==> [/System/Library/Frameworks]
  implicit libs: [c++]
  implicit dirs: [/usr/lib;/usr/local/lib]
  implicit fwks: [/Library/Frameworks;/System/Library/Frameworks]




Detecting CXX [-std=c++1z] compiler features compiled with the following output:
Change Dir: /Users/lucmichalski/local/golang/src/github.com/hellowod/u3d-plugins-development/NativePlugins/_builds/ios-11-0-dep-8-0-libcxx-hid-sections/_3rdParty/Hunter/host-build-binary-tree/cmake/host/CMakeFiles/CMakeTmp

Run Build Command:"/usr/bin/make" "cmTC_bbde0/fast"
/Applications/Xcode-beta.app/Contents/Developer/usr/bin/make -f CMakeFiles/cmTC_bbde0.dir/build.make CMakeFiles/cmTC_bbde0.dir/build
Building CXX object CMakeFiles/cmTC_bbde0.dir/feature_tests.cxx.o
/Applications/Xcode-beta.app/Contents/Developer/Toolchains/XcodeDefault.xctoolchain/usr/bin/c++    -std=c++1z -o CMakeFiles/cmTC_bbde0.dir/feature_tests.cxx.o -c /Users/lucmichalski/local/golang/src/github.com/hellowod/u3d-plugins-development/NativePlugins/_builds/ios-11-0-dep-8-0-libcxx-hid-sections/_3rdParty/Hunter/host-build-binary-tree/cmake/host/CMakeFiles/feature_tests.cxx
Linking CXX executable cmTC_bbde0
/usr/local/Cellar/cmake/3.9.0/bin/cmake -E cmake_link_script CMakeFiles/cmTC_bbde0.dir/link.txt --verbose=1
/Applications/Xcode-beta.app/Contents/Developer/Toolchains/XcodeDefault.xctoolchain/usr/bin/c++    -Wl,-search_paths_first -Wl,-headerpad_max_install_names   CMakeFiles/cmTC_bbde0.dir/feature_tests.cxx.o  -o cmTC_bbde0 


    Feature record: CXX_FEATURE:1cxx_aggregate_default_initializers
    Feature record: CXX_FEATURE:1cxx_alias_templates
    Feature record: CXX_FEATURE:1cxx_alignas
    Feature record: CXX_FEATURE:1cxx_alignof
    Feature record: CXX_FEATURE:1cxx_attributes
    Feature record: CXX_FEATURE:1cxx_attribute_deprecated
    Feature record: CXX_FEATURE:1cxx_auto_type
    Feature record: CXX_FEATURE:1cxx_binary_literals
    Feature record: CXX_FEATURE:1cxx_constexpr
    Feature record: CXX_FEATURE:1cxx_contextual_conversions
    Feature record: CXX_FEATURE:1cxx_decltype
    Feature record: CXX_FEATURE:1cxx_decltype_auto
    Feature record: CXX_FEATURE:1cxx_decltype_incomplete_return_types
    Feature record: CXX_FEATURE:1cxx_default_function_template_args
    Feature record: CXX_FEATURE:1cxx_defaulted_functions
    Feature record: CXX_FEATURE:1cxx_defaulted_move_initializers
    Feature record: CXX_FEATURE:1cxx_delegating_constructors
    Feature record: CXX_FEATURE:1cxx_deleted_functions
    Feature record: CXX_FEATURE:1cxx_digit_separators
    Feature record: CXX_FEATURE:1cxx_enum_forward_declarations
    Feature record: CXX_FEATURE:1cxx_explicit_conversions
    Feature record: CXX_FEATURE:1cxx_extended_friend_declarations
    Feature record: CXX_FEATURE:1cxx_extern_templates
    Feature record: CXX_FEATURE:1cxx_final
    Feature record: CXX_FEATURE:1cxx_func_identifier
    Feature record: CXX_FEATURE:1cxx_generalized_initializers
    Feature record: CXX_FEATURE:1cxx_generic_lambdas
    Feature record: CXX_FEATURE:1cxx_inheriting_constructors
    Feature record: CXX_FEATURE:1cxx_inline_namespaces
    Feature record: CXX_FEATURE:1cxx_lambdas
    Feature record: CXX_FEATURE:1cxx_lambda_init_captures
    Feature record: CXX_FEATURE:1cxx_local_type_template_args
    Feature record: CXX_FEATURE:1cxx_long_long_type
    Feature record: CXX_FEATURE:1cxx_noexcept
    Feature record: CXX_FEATURE:1cxx_nonstatic_member_init
    Feature record: CXX_FEATURE:1cxx_nullptr
    Feature record: CXX_FEATURE:1cxx_override
    Feature record: CXX_FEATURE:1cxx_range_for
    Feature record: CXX_FEATURE:1cxx_raw_string_literals
    Feature record: CXX_FEATURE:1cxx_reference_qualified_functions
    Feature record: CXX_FEATURE:1cxx_relaxed_constexpr
    Feature record: CXX_FEATURE:1cxx_return_type_deduction
    Feature record: CXX_FEATURE:1cxx_right_angle_brackets
    Feature record: CXX_FEATURE:1cxx_rvalue_references
    Feature record: CXX_FEATURE:1cxx_sizeof_member
    Feature record: CXX_FEATURE:1cxx_static_assert
    Feature record: CXX_FEATURE:1cxx_strong_enums
    Feature record: CXX_FEATURE:1cxx_template_template_parameters
    Feature record: CXX_FEATURE:1cxx_thread_local
    Feature record: CXX_FEATURE:1cxx_trailing_return_types
    Feature record: CXX_FEATURE:1cxx_unicode_literals
    Feature record: CXX_FEATURE:1cxx_uniform_initialization
    Feature record: CXX_FEATURE:1cxx_unrestricted_unions
    Feature record: CXX_FEATURE:1cxx_user_literals
    Feature record: CXX_FEATURE:1cxx_variable_templates
    Feature record: CXX_FEATURE:1cxx_variadic_macros
    Feature record: CXX_FEATURE:1cxx_variadic_templates


Detecting CXX [-std=c++14] compiler features compiled with the following output:
Change Dir: /Users/lucmichalski/local/golang/src/github.com/hellowod/u3d-plugins-development/NativePlugins/_builds/ios-11-0-dep-8-0-libcxx-hid-sections/_3rdParty/Hunter/host-build-binary-tree/cmake/host/CMakeFiles/CMakeTmp

Run Build Command:"/usr/bin/make" "cmTC_bd4ff/fast"
/Applications/Xcode-beta.app/Contents/Developer/usr/bin/make -f CMakeFiles/cmTC_bd4ff.dir/build.make CMakeFiles/cmTC_bd4ff.dir/build
Building CXX object CMakeFiles/cmTC_bd4ff.dir/feature_tests.cxx.o
/Applications/Xcode-beta.app/Contents/Developer/Toolchains/XcodeDefault.xctoolchain/usr/bin/c++    -std=c++14 -o CMakeFiles/cmTC_bd4ff.dir/feature_tests.cxx.o -c /Users/lucmichalski/local/golang/src/github.com/hellowod/u3d-plugins-development/NativePlugins/_builds/ios-11-0-dep-8-0-libcxx-hid-sections/_3rdParty/Hunter/host-build-binary-tree/cmake/host/CMakeFiles/feature_tests.cxx
Linking CXX executable cmTC_bd4ff
/usr/local/Cellar/cmake/3.9.0/bin/cmake -E cmake_link_script CMakeFiles/cmTC_bd4ff.dir/link.txt --verbose=1
/Applications/Xcode-beta.app/Contents/Developer/Toolchains/XcodeDefault.xctoolchain/usr/bin/c++    -Wl,-search_paths_first -Wl,-headerpad_max_install_names   CMakeFiles/cmTC_bd4ff.dir/feature_tests.cxx.o  -o cmTC_bd4ff 


    Feature record: CXX_FEATURE:1cxx_aggregate_default_initializers
    Feature record: CXX_FEATURE:1cxx_alias_templates
    Feature record: CXX_FEATURE:1cxx_alignas
    Feature record: CXX_FEATURE:1cxx_alignof
    Feature record: CXX_FEATURE:1cxx_attributes
    Feature record: CXX_FEATURE:1cxx_attribute_deprecated
    Feature record: CXX_FEATURE:1cxx_auto_type
    Feature record: CXX_FEATURE:1cxx_binary_literals
    Feature record: CXX_FEATURE:1cxx_constexpr
    Feature record: CXX_FEATURE:1cxx_contextual_conversions
    Feature record: CXX_FEATURE:1cxx_decltype
    Feature record: CXX_FEATURE:1cxx_decltype_auto
    Feature record: CXX_FEATURE:1cxx_decltype_incomplete_return_types
    Feature record: CXX_FEATURE:1cxx_default_function_template_args
    Feature record: CXX_FEATURE:1cxx_defaulted_functions
    Feature record: CXX_FEATURE:1cxx_defaulted_move_initializers
    Feature record: CXX_FEATURE:1cxx_delegating_constructors
    Feature record: CXX_FEATURE:1cxx_deleted_functions
    Feature record: CXX_FEATURE:1cxx_digit_separators
    Feature record: CXX_FEATURE:1cxx_enum_forward_declarations
    Feature record: CXX_FEATURE:1cxx_explicit_conversions
    Feature record: CXX_FEATURE:1cxx_extended_friend_declarations
    Feature record: CXX_FEATURE:1cxx_extern_templates
    Feature record: CXX_FEATURE:1cxx_final
    Feature record: CXX_FEATURE:1cxx_func_identifier
    Feature record: CXX_FEATURE:1cxx_generalized_initializers
    Feature record: CXX_FEATURE:1cxx_generic_lambdas
    Feature record: CXX_FEATURE:1cxx_inheriting_constructors
    Feature record: CXX_FEATURE:1cxx_inline_namespaces
    Feature record: CXX_FEATURE:1cxx_lambdas
    Feature record: CXX_FEATURE:1cxx_lambda_init_captures
    Feature record: CXX_FEATURE:1cxx_local_type_template_args
    Feature record: CXX_FEATURE:1cxx_long_long_type
    Feature record: CXX_FEATURE:1cxx_noexcept
    Feature record: CXX_FEATURE:1cxx_nonstatic_member_init
    Feature record: CXX_FEATURE:1cxx_nullptr
    Feature record: CXX_FEATURE:1cxx_override
    Feature record: CXX_FEATURE:1cxx_range_for
    Feature record: CXX_FEATURE:1cxx_raw_string_literals
    Feature record: CXX_FEATURE:1cxx_reference_qualified_functions
    Feature record: CXX_FEATURE:1cxx_relaxed_constexpr
    Feature record: CXX_FEATURE:1cxx_return_type_deduction
    Feature record: CXX_FEATURE:1cxx_right_angle_brackets
    Feature record: CXX_FEATURE:1cxx_rvalue_references
    Feature record: CXX_FEATURE:1cxx_sizeof_member
    Feature record: CXX_FEATURE:1cxx_static_assert
    Feature record: CXX_FEATURE:1cxx_strong_enums
    Feature record: CXX_FEATURE:1cxx_template_template_parameters
    Feature record: CXX_FEATURE:1cxx_thread_local
    Feature record: CXX_FEATURE:1cxx_trailing_return_types
    Feature record: CXX_FEATURE:1cxx_unicode_literals
    Feature record: CXX_FEATURE:1cxx_uniform_initialization
    Feature record: CXX_FEATURE:1cxx_unrestricted_unions
    Feature record: CXX_FEATURE:1cxx_user_literals
    Feature record: CXX_FEATURE:1cxx_variable_templates
    Feature record: CXX_FEATURE:1cxx_variadic_macros
    Feature record: CXX_FEATURE:1cxx_variadic_templates


Detecting CXX [-std=c++11] compiler features compiled with the following output:
Change Dir: /Users/lucmichalski/local/golang/src/github.com/hellowod/u3d-plugins-development/NativePlugins/_builds/ios-11-0-dep-8-0-libcxx-hid-sections/_3rdParty/Hunter/host-build-binary-tree/cmake/host/CMakeFiles/CMakeTmp

Run Build Command:"/usr/bin/make" "cmTC_93f7c/fast"
/Applications/Xcode-beta.app/Contents/Developer/usr/bin/make -f CMakeFiles/cmTC_93f7c.dir/build.make CMakeFiles/cmTC_93f7c.dir/build
Building CXX object CMakeFiles/cmTC_93f7c.dir/feature_tests.cxx.o
/Applications/Xcode-beta.app/Contents/Developer/Toolchains/XcodeDefault.xctoolchain/usr/bin/c++    -std=c++11 -o CMakeFiles/cmTC_93f7c.dir/feature_tests.cxx.o -c /Users/lucmichalski/local/golang/src/github.com/hellowod/u3d-plugins-development/NativePlugins/_builds/ios-11-0-dep-8-0-libcxx-hid-sections/_3rdParty/Hunter/host-build-binary-tree/cmake/host/CMakeFiles/feature_tests.cxx
Linking CXX executable cmTC_93f7c
/usr/local/Cellar/cmake/3.9.0/bin/cmake -E cmake_link_script CMakeFiles/cmTC_93f7c.dir/link.txt --verbose=1
/Applications/Xcode-beta.app/Contents/Developer/Toolchains/XcodeDefault.xctoolchain/usr/bin/c++    -Wl,-search_paths_first -Wl,-headerpad_max_install_names   CMakeFiles/cmTC_93f7c.dir/feature_tests.cxx.o  -o cmTC_93f7c 


    Feature record: CXX_FEATURE:0cxx_aggregate_default_initializers
    Feature record: CXX_FEATURE:1cxx_alias_templates
    Feature record: CXX_FEATURE:1cxx_alignas
    Feature record: CXX_FEATURE:1cxx_alignof
    Feature record: CXX_FEATURE:1cxx_attributes
    Feature record: CXX_FEATURE:0cxx_attribute_deprecated
    Feature record: CXX_FEATURE:1cxx_auto_type
    Feature record: CXX_FEATURE:0cxx_binary_literals
    Feature record: CXX_FEATURE:1cxx_constexpr
    Feature record: CXX_FEATURE:0cxx_contextual_conversions
    Feature record: CXX_FEATURE:1cxx_decltype
    Feature record: CXX_FEATURE:0cxx_decltype_auto
    Feature record: CXX_FEATURE:1cxx_decltype_incomplete_return_types
    Feature record: CXX_FEATURE:1cxx_default_function_template_args
    Feature record: CXX_FEATURE:1cxx_defaulted_functions
    Feature record: CXX_FEATURE:1cxx_defaulted_move_initializers
    Feature record: CXX_FEATURE:1cxx_delegating_constructors
    Feature record: CXX_FEATURE:1cxx_deleted_functions
    Feature record: CXX_FEATURE:0cxx_digit_separators
    Feature record: CXX_FEATURE:1cxx_enum_forward_declarations
    Feature record: CXX_FEATURE:1cxx_explicit_conversions
    Feature record: CXX_FEATURE:1cxx_extended_friend_declarations
    Feature record: CXX_FEATURE:1cxx_extern_templates
    Feature record: CXX_FEATURE:1cxx_final
    Feature record: CXX_FEATURE:1cxx_func_identifier
    Feature record: CXX_FEATURE:1cxx_generalized_initializers
    Feature record: CXX_FEATURE:0cxx_generic_lambdas
    Feature record: CXX_FEATURE:1cxx_inheriting_constructors
    Feature record: CXX_FEATURE:1cxx_inline_namespaces
    Feature record: CXX_FEATURE:1cxx_lambdas
    Feature record: CXX_FEATURE:0cxx_lambda_init_captures
    Feature record: CXX_FEATURE:1cxx_local_type_template_args
    Feature record: CXX_FEATURE:1cxx_long_long_type
    Feature record: CXX_FEATURE:1cxx_noexcept
    Feature record: CXX_FEATURE:1cxx_nonstatic_member_init
    Feature record: CXX_FEATURE:1cxx_nullptr
    Feature record: CXX_FEATURE:1cxx_override
    Feature record: CXX_FEATURE:1cxx_range_for
    Feature record: CXX_FEATURE:1cxx_raw_string_literals
    Feature record: CXX_FEATURE:1cxx_reference_qualified_functions
    Feature record: CXX_FEATURE:0cxx_relaxed_constexpr
    Feature record: CXX_FEATURE:0cxx_return_type_deduction
    Feature record: CXX_FEATURE:1cxx_right_angle_brackets
    Feature record: CXX_FEATURE:1cxx_rvalue_references
    Feature record: CXX_FEATURE:1cxx_sizeof_member
    Feature record: CXX_FEATURE:1cxx_static_assert
    Feature record: CXX_FEATURE:1cxx_strong_enums
    Feature record: CXX_FEATURE:1cxx_template_template_parameters
    Feature record: CXX_FEATURE:1cxx_thread_local
    Feature record: CXX_FEATURE:1cxx_trailing_return_types
    Feature record: CXX_FEATURE:1cxx_unicode_literals
    Feature record: CXX_FEATURE:1cxx_uniform_initialization
    Feature record: CXX_FEATURE:1cxx_unrestricted_unions
    Feature record: CXX_FEATURE:1cxx_user_literals
    Feature record: CXX_FEATURE:0cxx_variable_templates
    Feature record: CXX_FEATURE:1cxx_variadic_macros
    Feature record: CXX_FEATURE:1cxx_variadic_templates


Detecting CXX [-std=c++98] compiler features compiled with the following output:
Change Dir: /Users/lucmichalski/local/golang/src/github.com/hellowod/u3d-plugins-development/NativePlugins/_builds/ios-11-0-dep-8-0-libcxx-hid-sections/_3rdParty/Hunter/host-build-binary-tree/cmake/host/CMakeFiles/CMakeTmp

Run Build Command:"/usr/bin/make" "cmTC_d7908/fast"
/Applications/Xcode-beta.app/Contents/Developer/usr/bin/make -f CMakeFiles/cmTC_d7908.dir/build.make CMakeFiles/cmTC_d7908.dir/build
Building CXX object CMakeFiles/cmTC_d7908.dir/feature_tests.cxx.o
/Applications/Xcode-beta.app/Contents/Developer/Toolchains/XcodeDefault.xctoolchain/usr/bin/c++    -std=c++98 -o CMakeFiles/cmTC_d7908.dir/feature_tests.cxx.o -c /Users/lucmichalski/local/golang/src/github.com/hellowod/u3d-plugins-development/NativePlugins/_builds/ios-11-0-dep-8-0-libcxx-hid-sections/_3rdParty/Hunter/host-build-binary-tree/cmake/host/CMakeFiles/feature_tests.cxx
Linking CXX executable cmTC_d7908
/usr/local/Cellar/cmake/3.9.0/bin/cmake -E cmake_link_script CMakeFiles/cmTC_d7908.dir/link.txt --verbose=1
/Applications/Xcode-beta.app/Contents/Developer/Toolchains/XcodeDefault.xctoolchain/usr/bin/c++    -Wl,-search_paths_first -Wl,-headerpad_max_install_names   CMakeFiles/cmTC_d7908.dir/feature_tests.cxx.o  -o cmTC_d7908 


    Feature record: CXX_FEATURE:0cxx_aggregate_default_initializers
    Feature record: CXX_FEATURE:0cxx_alias_templates
    Feature record: CXX_FEATURE:0cxx_alignas
    Feature record: CXX_FEATURE:0cxx_alignof
    Feature record: CXX_FEATURE:0cxx_attributes
    Feature record: CXX_FEATURE:0cxx_attribute_deprecated
    Feature record: CXX_FEATURE:0cxx_auto_type
    Feature record: CXX_FEATURE:0cxx_binary_literals
    Feature record: CXX_FEATURE:0cxx_constexpr
    Feature record: CXX_FEATURE:0cxx_contextual_conversions
    Feature record: CXX_FEATURE:0cxx_decltype
    Feature record: CXX_FEATURE:0cxx_decltype_auto
    Feature record: CXX_FEATURE:0cxx_decltype_incomplete_return_types
    Feature record: CXX_FEATURE:0cxx_default_function_template_args
    Feature record: CXX_FEATURE:0cxx_defaulted_functions
    Feature record: CXX_FEATURE:0cxx_defaulted_move_initializers
    Feature record: CXX_FEATURE:0cxx_delegating_constructors
    Feature record: CXX_FEATURE:0cxx_deleted_functions
    Feature record: CXX_FEATURE:0cxx_digit_separators
    Feature record: CXX_FEATURE:0cxx_enum_forward_declarations
    Feature record: CXX_FEATURE:0cxx_explicit_conversions
    Feature record: CXX_FEATURE:0cxx_extended_friend_declarations
    Feature record: CXX_FEATURE:0cxx_extern_templates
    Feature record: CXX_FEATURE:0cxx_final
    Feature record: CXX_FEATURE:0cxx_func_identifier
    Feature record: CXX_FEATURE:0cxx_generalized_initializers
    Feature record: CXX_FEATURE:0cxx_generic_lambdas
    Feature record: CXX_FEATURE:0cxx_inheriting_constructors
    Feature record: CXX_FEATURE:0cxx_inline_namespaces
    Feature record: CXX_FEATURE:0cxx_lambdas
    Feature record: CXX_FEATURE:0cxx_lambda_init_captures
    Feature record: CXX_FEATURE:0cxx_local_type_template_args
    Feature record: CXX_FEATURE:0cxx_long_long_type
    Feature record: CXX_FEATURE:0cxx_noexcept
    Feature record: CXX_FEATURE:0cxx_nonstatic_member_init
    Feature record: CXX_FEATURE:0cxx_nullptr
    Feature record: CXX_FEATURE:0cxx_override
    Feature record: CXX_FEATURE:0cxx_range_for
    Feature record: CXX_FEATURE:0cxx_raw_string_literals
    Feature record: CXX_FEATURE:0cxx_reference_qualified_functions
    Feature record: CXX_FEATURE:0cxx_relaxed_constexpr
    Feature record: CXX_FEATURE:0cxx_return_type_deduction
    Feature record: CXX_FEATURE:0cxx_right_angle_brackets
    Feature record: CXX_FEATURE:0cxx_rvalue_references
    Feature record: CXX_FEATURE:0cxx_sizeof_member
    Feature record: CXX_FEATURE:0cxx_static_assert
    Feature record: CXX_FEATURE:0cxx_strong_enums
    Feature record: CXX_FEATURE:1cxx_template_template_parameters
    Feature record: CXX_FEATURE:0cxx_thread_local
    Feature record: CXX_FEATURE:0cxx_trailing_return_types
    Feature record: CXX_FEATURE:0cxx_unicode_literals
    Feature record: CXX_FEATURE:0cxx_uniform_initialization
    Feature record: CXX_FEATURE:0cxx_unrestricted_unions
    Feature record: CXX_FEATURE:0cxx_user_literals
    Feature record: CXX_FEATURE:0cxx_variable_templates
    Feature record: CXX_FEATURE:0cxx_variadic_macros
    Feature record: CXX_FEATURE:0cxx_variadic_templates
